Copyright 1986-2019 Xilinx, Inc. All Rights Reserved.
--------------------------------------------------------------------------------------------------------------------------------------------------------------------------------------------------------------------------
| Tool Version : Vivado v.2019.1 (win64) Build 2552052 Fri May 24 14:49:42 MDT 2019
| Date         : Sat May 17 20:30:12 2025
| Host         : Dgda_01 running 64-bit major release  (build 9200)
| Command      : report_timing_summary -max_paths 10 -file afficheur_4digits_timing_summary_routed.rpt -pb afficheur_4digits_timing_summary_routed.pb -rpx afficheur_4digits_timing_summary_routed.rpx -warn_on_violation
| Design       : afficheur_4digits
| Device       : 7a35t-cpg236
| Speed File   : -1  PRODUCTION 1.23 2018-06-13
--------------------------------------------------------------------------------------------------------------------------------------------------------------------------------------------------------------------------

Timing Summary Report

------------------------------------------------------------------------------------------------
| Timer Settings
| --------------
------------------------------------------------------------------------------------------------

  Enable Multi Corner Analysis               :  Yes
  Enable Pessimism Removal                   :  Yes
  Pessimism Removal Resolution               :  Nearest Common Node
  Enable Input Delay Default Clock           :  No
  Enable Preset / Clear Arcs                 :  No
  Disable Flight Delays                      :  No
  Ignore I/O Paths                           :  No
  Timing Early Launch at Borrowing Latches   :  No
  Borrow Time for Max Delay Exceptions       :  Yes

  Corner  Analyze    Analyze    
  Name    Max Paths  Min Paths  
  ------  ---------  ---------  
  Slow    Yes        Yes        
  Fast    Yes        Yes        



check_timing report

Table of Contents
-----------------
1. checking no_clock
2. checking constant_clock
3. checking pulse_width_clock
4. checking unconstrained_internal_endpoints
5. checking no_input_delay
6. checking no_output_delay
7. checking multiple_clock
8. checking generated_clocks
9. checking loops
10. checking partial_input_delay
11. checking partial_output_delay
12. checking latch_loops

1. checking no_clock
--------------------
 There are 0 register/latch pins with no clock.


2. checking constant_clock
--------------------------
 There are 0 register/latch pins with constant_clock.


3. checking pulse_width_clock
-----------------------------
 There are 0 register/latch pins which need pulse_width check


4. checking unconstrained_internal_endpoints
--------------------------------------------
 There are 0 pins that are not constrained for maximum delay.

 There are 0 pins that are not constrained for maximum delay due to constant clock.


5. checking no_input_delay
--------------------------
 There are 0 input ports with no input delay specified.

 There are 0 input ports with no input delay but user has a false path constraint.


6. checking no_output_delay
---------------------------
 There are 10 ports with no output delay specified. (HIGH)

 There are 0 ports with no output delay but user has a false path constraint

 There are 0 ports with no output delay but with a timing clock defined on it or propagating through it


7. checking multiple_clock
--------------------------
 There are 0 register/latch pins with multiple clocks.


8. checking generated_clocks
----------------------------
 There are 0 generated clocks that are not connected to a clock source.


9. checking loops
-----------------
 There are 0 combinational loops in the design.


10. checking partial_input_delay
--------------------------------
 There are 0 input ports with partial input delay specified.


11. checking partial_output_delay
---------------------------------
 There are 0 ports with partial output delay specified.


12. checking latch_loops
------------------------
 There are 0 combinational latch loops in the design through latch input



------------------------------------------------------------------------------------------------
| Design Timing Summary
| ---------------------
------------------------------------------------------------------------------------------------

    WNS(ns)      TNS(ns)  TNS Failing Endpoints  TNS Total Endpoints      WHS(ns)      THS(ns)  THS Failing Endpoints  THS Total Endpoints     WPWS(ns)     TPWS(ns)  TPWS Failing Endpoints  TPWS Total Endpoints  
    -------      -------  ---------------------  -------------------      -------      -------  ---------------------  -------------------     --------     --------  ----------------------  --------------------  
      5.223        0.000                      0                   65        0.246        0.000                      0                   65        4.500        0.000                       0                    35  


All user specified timing constraints are met.


------------------------------------------------------------------------------------------------
| Clock Summary
| -------------
------------------------------------------------------------------------------------------------

Clock  Waveform(ns)       Period(ns)      Frequency(MHz)
-----  ------------       ----------      --------------
clk    {0.000 5.000}      10.000          100.000         


------------------------------------------------------------------------------------------------
| Intra Clock Table
| -----------------
------------------------------------------------------------------------------------------------

Clock             WNS(ns)      TNS(ns)  TNS Failing Endpoints  TNS Total Endpoints      WHS(ns)      THS(ns)  THS Failing Endpoints  THS Total Endpoints     WPWS(ns)     TPWS(ns)  TPWS Failing Endpoints  TPWS Total Endpoints  
-----             -------      -------  ---------------------  -------------------      -------      -------  ---------------------  -------------------     --------     --------  ----------------------  --------------------  
clk                 5.223        0.000                      0                   65        0.246        0.000                      0                   65        4.500        0.000                       0                    35  


------------------------------------------------------------------------------------------------
| Inter Clock Table
| -----------------
------------------------------------------------------------------------------------------------

From Clock    To Clock          WNS(ns)      TNS(ns)  TNS Failing Endpoints  TNS Total Endpoints      WHS(ns)      THS(ns)  THS Failing Endpoints  THS Total Endpoints  
----------    --------          -------      -------  ---------------------  -------------------      -------      -------  ---------------------  -------------------  


------------------------------------------------------------------------------------------------
| Other Path Groups Table
| -----------------------
------------------------------------------------------------------------------------------------

Path Group    From Clock    To Clock          WNS(ns)      TNS(ns)  TNS Failing Endpoints  TNS Total Endpoints      WHS(ns)      THS(ns)  THS Failing Endpoints  THS Total Endpoints  
----------    ----------    --------          -------      -------  ---------------------  -------------------      -------      -------  ---------------------  -------------------  


------------------------------------------------------------------------------------------------
| Timing Details
| --------------
------------------------------------------------------------------------------------------------


---------------------------------------------------------------------------------------------------
From Clock:  clk
  To Clock:  clk

Setup :            0  Failing Endpoints,  Worst Slack        5.223ns,  Total Violation        0.000ns
Hold  :            0  Failing Endpoints,  Worst Slack        0.246ns,  Total Violation        0.000ns
PW    :            0  Failing Endpoints,  Worst Slack        4.500ns,  Total Violation        0.000ns
---------------------------------------------------------------------------------------------------


Max Delay Paths
--------------------------------------------------------------------------------------
Slack (MET) :             5.223ns  (required time - arrival time)
  Source:                 refresh_counter_reg[28]/C
                            (rising edge-triggered cell FDRE clocked by clk  {rise@0.000ns fall@5.000ns period=10.000ns})
  Destination:            refresh_counter_reg[29]/R
                            (rising edge-triggered cell FDRE clocked by clk  {rise@0.000ns fall@5.000ns period=10.000ns})
  Path Group:             clk
  Path Type:              Setup (Max at Slow Process Corner)
  Requirement:            10.000ns  (clk rise@10.000ns - clk rise@0.000ns)
  Data Path Delay:        4.197ns  (logic 0.890ns (21.207%)  route 3.307ns (78.793%))
  Logic Levels:           3  (LUT4=2 LUT5=1)
  Clock Path Skew:        -0.021ns (DCD - SCD + CPR)
    Destination Clock Delay (DCD):    4.846ns = ( 14.846 - 10.000 ) 
    Source Clock Delay      (SCD):    5.141ns
    Clock Pessimism Removal (CPR):    0.274ns
  Clock Uncertainty:      0.035ns  ((TSJ^2 + TIJ^2)^1/2 + DJ) / 2 + PE
    Total System Jitter     (TSJ):    0.071ns
    Total Input Jitter      (TIJ):    0.000ns
    Discrete Jitter          (DJ):    0.000ns
    Phase Error              (PE):    0.000ns

    Location             Delay type                Incr(ns)  Path(ns)    Netlist Resource(s)
  -------------------------------------------------------------------    -------------------
                         (clock clk rise edge)        0.000     0.000 r  
    W5                                                0.000     0.000 r  clk (IN)
                         net (fo=0)                   0.000     0.000    clk
    W5                   IBUF (Prop_ibuf_I_O)         1.458     1.458 r  clk_IBUF_inst/O
                         net (fo=1, routed)           1.967     3.425    clk_IBUF
    BUFGCTRL_X0Y0        BUFG (Prop_bufg_I_O)         0.096     3.521 r  clk_IBUF_BUFG_inst/O
                         net (fo=34, routed)          1.620     5.141    clk_IBUF_BUFG
    SLICE_X64Y26         FDRE                                         r  refresh_counter_reg[28]/C
  -------------------------------------------------------------------    -------------------
    SLICE_X64Y26         FDRE (Prop_fdre_C_Q)         0.518     5.659 f  refresh_counter_reg[28]/Q
                         net (fo=2, routed)           0.809     6.469    refresh_counter_reg_n_0_[28]
    SLICE_X65Y27         LUT4 (Prop_lut4_I1_O)        0.124     6.593 f  refresh_counter[31]_i_9/O
                         net (fo=1, routed)           0.401     6.994    refresh_counter[31]_i_9_n_0
    SLICE_X65Y26         LUT5 (Prop_lut5_I4_O)        0.124     7.118 f  refresh_counter[31]_i_5/O
                         net (fo=3, routed)           1.132     8.250    refresh_counter[31]_i_5_n_0
    SLICE_X65Y22         LUT4 (Prop_lut4_I2_O)        0.124     8.374 r  refresh_counter[31]_i_1/O
                         net (fo=31, routed)          0.964     9.338    refresh_counter[31]_i_1_n_0
    SLICE_X64Y27         FDRE                                         r  refresh_counter_reg[29]/R
  -------------------------------------------------------------------    -------------------

                         (clock clk rise edge)       10.000    10.000 r  
    W5                                                0.000    10.000 r  clk (IN)
                         net (fo=0)                   0.000    10.000    clk
    W5                   IBUF (Prop_ibuf_I_O)         1.388    11.388 r  clk_IBUF_inst/O
                         net (fo=1, routed)           1.862    13.250    clk_IBUF
    BUFGCTRL_X0Y0        BUFG (Prop_bufg_I_O)         0.091    13.341 r  clk_IBUF_BUFG_inst/O
                         net (fo=34, routed)          1.505    14.846    clk_IBUF_BUFG
    SLICE_X64Y27         FDRE                                         r  refresh_counter_reg[29]/C
                         clock pessimism              0.274    15.120    
                         clock uncertainty           -0.035    15.085    
    SLICE_X64Y27         FDRE (Setup_fdre_C_R)       -0.524    14.561    refresh_counter_reg[29]
  -------------------------------------------------------------------
                         required time                         14.561    
                         arrival time                          -9.338    
  -------------------------------------------------------------------
                         slack                                  5.223    

Slack (MET) :             5.223ns  (required time - arrival time)
  Source:                 refresh_counter_reg[28]/C
                            (rising edge-triggered cell FDRE clocked by clk  {rise@0.000ns fall@5.000ns period=10.000ns})
  Destination:            refresh_counter_reg[30]/R
                            (rising edge-triggered cell FDRE clocked by clk  {rise@0.000ns fall@5.000ns period=10.000ns})
  Path Group:             clk
  Path Type:              Setup (Max at Slow Process Corner)
  Requirement:            10.000ns  (clk rise@10.000ns - clk rise@0.000ns)
  Data Path Delay:        4.197ns  (logic 0.890ns (21.207%)  route 3.307ns (78.793%))
  Logic Levels:           3  (LUT4=2 LUT5=1)
  Clock Path Skew:        -0.021ns (DCD - SCD + CPR)
    Destination Clock Delay (DCD):    4.846ns = ( 14.846 - 10.000 ) 
    Source Clock Delay      (SCD):    5.141ns
    Clock Pessimism Removal (CPR):    0.274ns
  Clock Uncertainty:      0.035ns  ((TSJ^2 + TIJ^2)^1/2 + DJ) / 2 + PE
    Total System Jitter     (TSJ):    0.071ns
    Total Input Jitter      (TIJ):    0.000ns
    Discrete Jitter          (DJ):    0.000ns
    Phase Error              (PE):    0.000ns

    Location             Delay type                Incr(ns)  Path(ns)    Netlist Resource(s)
  -------------------------------------------------------------------    -------------------
                         (clock clk rise edge)        0.000     0.000 r  
    W5                                                0.000     0.000 r  clk (IN)
                         net (fo=0)                   0.000     0.000    clk
    W5                   IBUF (Prop_ibuf_I_O)         1.458     1.458 r  clk_IBUF_inst/O
                         net (fo=1, routed)           1.967     3.425    clk_IBUF
    BUFGCTRL_X0Y0        BUFG (Prop_bufg_I_O)         0.096     3.521 r  clk_IBUF_BUFG_inst/O
                         net (fo=34, routed)          1.620     5.141    clk_IBUF_BUFG
    SLICE_X64Y26         FDRE                                         r  refresh_counter_reg[28]/C
  -------------------------------------------------------------------    -------------------
    SLICE_X64Y26         FDRE (Prop_fdre_C_Q)         0.518     5.659 f  refresh_counter_reg[28]/Q
                         net (fo=2, routed)           0.809     6.469    refresh_counter_reg_n_0_[28]
    SLICE_X65Y27         LUT4 (Prop_lut4_I1_O)        0.124     6.593 f  refresh_counter[31]_i_9/O
                         net (fo=1, routed)           0.401     6.994    refresh_counter[31]_i_9_n_0
    SLICE_X65Y26         LUT5 (Prop_lut5_I4_O)        0.124     7.118 f  refresh_counter[31]_i_5/O
                         net (fo=3, routed)           1.132     8.250    refresh_counter[31]_i_5_n_0
    SLICE_X65Y22         LUT4 (Prop_lut4_I2_O)        0.124     8.374 r  refresh_counter[31]_i_1/O
                         net (fo=31, routed)          0.964     9.338    refresh_counter[31]_i_1_n_0
    SLICE_X64Y27         FDRE                                         r  refresh_counter_reg[30]/R
  -------------------------------------------------------------------    -------------------

                         (clock clk rise edge)       10.000    10.000 r  
    W5                                                0.000    10.000 r  clk (IN)
                         net (fo=0)                   0.000    10.000    clk
    W5                   IBUF (Prop_ibuf_I_O)         1.388    11.388 r  clk_IBUF_inst/O
                         net (fo=1, routed)           1.862    13.250    clk_IBUF
    BUFGCTRL_X0Y0        BUFG (Prop_bufg_I_O)         0.091    13.341 r  clk_IBUF_BUFG_inst/O
                         net (fo=34, routed)          1.505    14.846    clk_IBUF_BUFG
    SLICE_X64Y27         FDRE                                         r  refresh_counter_reg[30]/C
                         clock pessimism              0.274    15.120    
                         clock uncertainty           -0.035    15.085    
    SLICE_X64Y27         FDRE (Setup_fdre_C_R)       -0.524    14.561    refresh_counter_reg[30]
  -------------------------------------------------------------------
                         required time                         14.561    
                         arrival time                          -9.338    
  -------------------------------------------------------------------
                         slack                                  5.223    

Slack (MET) :             5.223ns  (required time - arrival time)
  Source:                 refresh_counter_reg[28]/C
                            (rising edge-triggered cell FDRE clocked by clk  {rise@0.000ns fall@5.000ns period=10.000ns})
  Destination:            refresh_counter_reg[31]/R
                            (rising edge-triggered cell FDRE clocked by clk  {rise@0.000ns fall@5.000ns period=10.000ns})
  Path Group:             clk
  Path Type:              Setup (Max at Slow Process Corner)
  Requirement:            10.000ns  (clk rise@10.000ns - clk rise@0.000ns)
  Data Path Delay:        4.197ns  (logic 0.890ns (21.207%)  route 3.307ns (78.793%))
  Logic Levels:           3  (LUT4=2 LUT5=1)
  Clock Path Skew:        -0.021ns (DCD - SCD + CPR)
    Destination Clock Delay (DCD):    4.846ns = ( 14.846 - 10.000 ) 
    Source Clock Delay      (SCD):    5.141ns
    Clock Pessimism Removal (CPR):    0.274ns
  Clock Uncertainty:      0.035ns  ((TSJ^2 + TIJ^2)^1/2 + DJ) / 2 + PE
    Total System Jitter     (TSJ):    0.071ns
    Total Input Jitter      (TIJ):    0.000ns
    Discrete Jitter          (DJ):    0.000ns
    Phase Error              (PE):    0.000ns

    Location             Delay type                Incr(ns)  Path(ns)    Netlist Resource(s)
  -------------------------------------------------------------------    -------------------
                         (clock clk rise edge)        0.000     0.000 r  
    W5                                                0.000     0.000 r  clk (IN)
                         net (fo=0)                   0.000     0.000    clk
    W5                   IBUF (Prop_ibuf_I_O)         1.458     1.458 r  clk_IBUF_inst/O
                         net (fo=1, routed)           1.967     3.425    clk_IBUF
    BUFGCTRL_X0Y0        BUFG (Prop_bufg_I_O)         0.096     3.521 r  clk_IBUF_BUFG_inst/O
                         net (fo=34, routed)          1.620     5.141    clk_IBUF_BUFG
    SLICE_X64Y26         FDRE                                         r  refresh_counter_reg[28]/C
  -------------------------------------------------------------------    -------------------
    SLICE_X64Y26         FDRE (Prop_fdre_C_Q)         0.518     5.659 f  refresh_counter_reg[28]/Q
                         net (fo=2, routed)           0.809     6.469    refresh_counter_reg_n_0_[28]
    SLICE_X65Y27         LUT4 (Prop_lut4_I1_O)        0.124     6.593 f  refresh_counter[31]_i_9/O
                         net (fo=1, routed)           0.401     6.994    refresh_counter[31]_i_9_n_0
    SLICE_X65Y26         LUT5 (Prop_lut5_I4_O)        0.124     7.118 f  refresh_counter[31]_i_5/O
                         net (fo=3, routed)           1.132     8.250    refresh_counter[31]_i_5_n_0
    SLICE_X65Y22         LUT4 (Prop_lut4_I2_O)        0.124     8.374 r  refresh_counter[31]_i_1/O
                         net (fo=31, routed)          0.964     9.338    refresh_counter[31]_i_1_n_0
    SLICE_X64Y27         FDRE                                         r  refresh_counter_reg[31]/R
  -------------------------------------------------------------------    -------------------

                         (clock clk rise edge)       10.000    10.000 r  
    W5                                                0.000    10.000 r  clk (IN)
                         net (fo=0)                   0.000    10.000    clk
    W5                   IBUF (Prop_ibuf_I_O)         1.388    11.388 r  clk_IBUF_inst/O
                         net (fo=1, routed)           1.862    13.250    clk_IBUF
    BUFGCTRL_X0Y0        BUFG (Prop_bufg_I_O)         0.091    13.341 r  clk_IBUF_BUFG_inst/O
                         net (fo=34, routed)          1.505    14.846    clk_IBUF_BUFG
    SLICE_X64Y27         FDRE                                         r  refresh_counter_reg[31]/C
                         clock pessimism              0.274    15.120    
                         clock uncertainty           -0.035    15.085    
    SLICE_X64Y27         FDRE (Setup_fdre_C_R)       -0.524    14.561    refresh_counter_reg[31]
  -------------------------------------------------------------------
                         required time                         14.561    
                         arrival time                          -9.338    
  -------------------------------------------------------------------
                         slack                                  5.223    

Slack (MET) :             5.275ns  (required time - arrival time)
  Source:                 refresh_counter_reg[28]/C
                            (rising edge-triggered cell FDRE clocked by clk  {rise@0.000ns fall@5.000ns period=10.000ns})
  Destination:            refresh_counter_reg[13]/R
                            (rising edge-triggered cell FDRE clocked by clk  {rise@0.000ns fall@5.000ns period=10.000ns})
  Path Group:             clk
  Path Type:              Setup (Max at Slow Process Corner)
  Requirement:            10.000ns  (clk rise@10.000ns - clk rise@0.000ns)
  Data Path Delay:        4.130ns  (logic 0.890ns (21.549%)  route 3.240ns (78.451%))
  Logic Levels:           3  (LUT4=2 LUT5=1)
  Clock Path Skew:        -0.036ns (DCD - SCD + CPR)
    Destination Clock Delay (DCD):    4.845ns = ( 14.845 - 10.000 ) 
    Source Clock Delay      (SCD):    5.141ns
    Clock Pessimism Removal (CPR):    0.260ns
  Clock Uncertainty:      0.035ns  ((TSJ^2 + TIJ^2)^1/2 + DJ) / 2 + PE
    Total System Jitter     (TSJ):    0.071ns
    Total Input Jitter      (TIJ):    0.000ns
    Discrete Jitter          (DJ):    0.000ns
    Phase Error              (PE):    0.000ns

    Location             Delay type                Incr(ns)  Path(ns)    Netlist Resource(s)
  -------------------------------------------------------------------    -------------------
                         (clock clk rise edge)        0.000     0.000 r  
    W5                                                0.000     0.000 r  clk (IN)
                         net (fo=0)                   0.000     0.000    clk
    W5                   IBUF (Prop_ibuf_I_O)         1.458     1.458 r  clk_IBUF_inst/O
                         net (fo=1, routed)           1.967     3.425    clk_IBUF
    BUFGCTRL_X0Y0        BUFG (Prop_bufg_I_O)         0.096     3.521 r  clk_IBUF_BUFG_inst/O
                         net (fo=34, routed)          1.620     5.141    clk_IBUF_BUFG
    SLICE_X64Y26         FDRE                                         r  refresh_counter_reg[28]/C
  -------------------------------------------------------------------    -------------------
    SLICE_X64Y26         FDRE (Prop_fdre_C_Q)         0.518     5.659 f  refresh_counter_reg[28]/Q
                         net (fo=2, routed)           0.809     6.469    refresh_counter_reg_n_0_[28]
    SLICE_X65Y27         LUT4 (Prop_lut4_I1_O)        0.124     6.593 f  refresh_counter[31]_i_9/O
                         net (fo=1, routed)           0.401     6.994    refresh_counter[31]_i_9_n_0
    SLICE_X65Y26         LUT5 (Prop_lut5_I4_O)        0.124     7.118 f  refresh_counter[31]_i_5/O
                         net (fo=3, routed)           1.132     8.250    refresh_counter[31]_i_5_n_0
    SLICE_X65Y22         LUT4 (Prop_lut4_I2_O)        0.124     8.374 r  refresh_counter[31]_i_1/O
                         net (fo=31, routed)          0.897     9.271    refresh_counter[31]_i_1_n_0
    SLICE_X64Y23         FDRE                                         r  refresh_counter_reg[13]/R
  -------------------------------------------------------------------    -------------------

                         (clock clk rise edge)       10.000    10.000 r  
    W5                                                0.000    10.000 r  clk (IN)
                         net (fo=0)                   0.000    10.000    clk
    W5                   IBUF (Prop_ibuf_I_O)         1.388    11.388 r  clk_IBUF_inst/O
                         net (fo=1, routed)           1.862    13.250    clk_IBUF
    BUFGCTRL_X0Y0        BUFG (Prop_bufg_I_O)         0.091    13.341 r  clk_IBUF_BUFG_inst/O
                         net (fo=34, routed)          1.504    14.845    clk_IBUF_BUFG
    SLICE_X64Y23         FDRE                                         r  refresh_counter_reg[13]/C
                         clock pessimism              0.260    15.105    
                         clock uncertainty           -0.035    15.070    
    SLICE_X64Y23         FDRE (Setup_fdre_C_R)       -0.524    14.546    refresh_counter_reg[13]
  -------------------------------------------------------------------
                         required time                         14.546    
                         arrival time                          -9.271    
  -------------------------------------------------------------------
                         slack                                  5.275    

Slack (MET) :             5.275ns  (required time - arrival time)
  Source:                 refresh_counter_reg[28]/C
                            (rising edge-triggered cell FDRE clocked by clk  {rise@0.000ns fall@5.000ns period=10.000ns})
  Destination:            refresh_counter_reg[14]/R
                            (rising edge-triggered cell FDRE clocked by clk  {rise@0.000ns fall@5.000ns period=10.000ns})
  Path Group:             clk
  Path Type:              Setup (Max at Slow Process Corner)
  Requirement:            10.000ns  (clk rise@10.000ns - clk rise@0.000ns)
  Data Path Delay:        4.130ns  (logic 0.890ns (21.549%)  route 3.240ns (78.451%))
  Logic Levels:           3  (LUT4=2 LUT5=1)
  Clock Path Skew:        -0.036ns (DCD - SCD + CPR)
    Destination Clock Delay (DCD):    4.845ns = ( 14.845 - 10.000 ) 
    Source Clock Delay      (SCD):    5.141ns
    Clock Pessimism Removal (CPR):    0.260ns
  Clock Uncertainty:      0.035ns  ((TSJ^2 + TIJ^2)^1/2 + DJ) / 2 + PE
    Total System Jitter     (TSJ):    0.071ns
    Total Input Jitter      (TIJ):    0.000ns
    Discrete Jitter          (DJ):    0.000ns
    Phase Error              (PE):    0.000ns

    Location             Delay type                Incr(ns)  Path(ns)    Netlist Resource(s)
  -------------------------------------------------------------------    -------------------
                         (clock clk rise edge)        0.000     0.000 r  
    W5                                                0.000     0.000 r  clk (IN)
                         net (fo=0)                   0.000     0.000    clk
    W5                   IBUF (Prop_ibuf_I_O)         1.458     1.458 r  clk_IBUF_inst/O
                         net (fo=1, routed)           1.967     3.425    clk_IBUF
    BUFGCTRL_X0Y0        BUFG (Prop_bufg_I_O)         0.096     3.521 r  clk_IBUF_BUFG_inst/O
                         net (fo=34, routed)          1.620     5.141    clk_IBUF_BUFG
    SLICE_X64Y26         FDRE                                         r  refresh_counter_reg[28]/C
  -------------------------------------------------------------------    -------------------
    SLICE_X64Y26         FDRE (Prop_fdre_C_Q)         0.518     5.659 f  refresh_counter_reg[28]/Q
                         net (fo=2, routed)           0.809     6.469    refresh_counter_reg_n_0_[28]
    SLICE_X65Y27         LUT4 (Prop_lut4_I1_O)        0.124     6.593 f  refresh_counter[31]_i_9/O
                         net (fo=1, routed)           0.401     6.994    refresh_counter[31]_i_9_n_0
    SLICE_X65Y26         LUT5 (Prop_lut5_I4_O)        0.124     7.118 f  refresh_counter[31]_i_5/O
                         net (fo=3, routed)           1.132     8.250    refresh_counter[31]_i_5_n_0
    SLICE_X65Y22         LUT4 (Prop_lut4_I2_O)        0.124     8.374 r  refresh_counter[31]_i_1/O
                         net (fo=31, routed)          0.897     9.271    refresh_counter[31]_i_1_n_0
    SLICE_X64Y23         FDRE                                         r  refresh_counter_reg[14]/R
  -------------------------------------------------------------------    -------------------

                         (clock clk rise edge)       10.000    10.000 r  
    W5                                                0.000    10.000 r  clk (IN)
                         net (fo=0)                   0.000    10.000    clk
    W5                   IBUF (Prop_ibuf_I_O)         1.388    11.388 r  clk_IBUF_inst/O
                         net (fo=1, routed)           1.862    13.250    clk_IBUF
    BUFGCTRL_X0Y0        BUFG (Prop_bufg_I_O)         0.091    13.341 r  clk_IBUF_BUFG_inst/O
                         net (fo=34, routed)          1.504    14.845    clk_IBUF_BUFG
    SLICE_X64Y23         FDRE                                         r  refresh_counter_reg[14]/C
                         clock pessimism              0.260    15.105    
                         clock uncertainty           -0.035    15.070    
    SLICE_X64Y23         FDRE (Setup_fdre_C_R)       -0.524    14.546    refresh_counter_reg[14]
  -------------------------------------------------------------------
                         required time                         14.546    
                         arrival time                          -9.271    
  -------------------------------------------------------------------
                         slack                                  5.275    

Slack (MET) :             5.275ns  (required time - arrival time)
  Source:                 refresh_counter_reg[28]/C
                            (rising edge-triggered cell FDRE clocked by clk  {rise@0.000ns fall@5.000ns period=10.000ns})
  Destination:            refresh_counter_reg[15]/R
                            (rising edge-triggered cell FDRE clocked by clk  {rise@0.000ns fall@5.000ns period=10.000ns})
  Path Group:             clk
  Path Type:              Setup (Max at Slow Process Corner)
  Requirement:            10.000ns  (clk rise@10.000ns - clk rise@0.000ns)
  Data Path Delay:        4.130ns  (logic 0.890ns (21.549%)  route 3.240ns (78.451%))
  Logic Levels:           3  (LUT4=2 LUT5=1)
  Clock Path Skew:        -0.036ns (DCD - SCD + CPR)
    Destination Clock Delay (DCD):    4.845ns = ( 14.845 - 10.000 ) 
    Source Clock Delay      (SCD):    5.141ns
    Clock Pessimism Removal (CPR):    0.260ns
  Clock Uncertainty:      0.035ns  ((TSJ^2 + TIJ^2)^1/2 + DJ) / 2 + PE
    Total System Jitter     (TSJ):    0.071ns
    Total Input Jitter      (TIJ):    0.000ns
    Discrete Jitter          (DJ):    0.000ns
    Phase Error              (PE):    0.000ns

    Location             Delay type                Incr(ns)  Path(ns)    Netlist Resource(s)
  -------------------------------------------------------------------    -------------------
                         (clock clk rise edge)        0.000     0.000 r  
    W5                                                0.000     0.000 r  clk (IN)
                         net (fo=0)                   0.000     0.000    clk
    W5                   IBUF (Prop_ibuf_I_O)         1.458     1.458 r  clk_IBUF_inst/O
                         net (fo=1, routed)           1.967     3.425    clk_IBUF
    BUFGCTRL_X0Y0        BUFG (Prop_bufg_I_O)         0.096     3.521 r  clk_IBUF_BUFG_inst/O
                         net (fo=34, routed)          1.620     5.141    clk_IBUF_BUFG
    SLICE_X64Y26         FDRE                                         r  refresh_counter_reg[28]/C
  -------------------------------------------------------------------    -------------------
    SLICE_X64Y26         FDRE (Prop_fdre_C_Q)         0.518     5.659 f  refresh_counter_reg[28]/Q
                         net (fo=2, routed)           0.809     6.469    refresh_counter_reg_n_0_[28]
    SLICE_X65Y27         LUT4 (Prop_lut4_I1_O)        0.124     6.593 f  refresh_counter[31]_i_9/O
                         net (fo=1, routed)           0.401     6.994    refresh_counter[31]_i_9_n_0
    SLICE_X65Y26         LUT5 (Prop_lut5_I4_O)        0.124     7.118 f  refresh_counter[31]_i_5/O
                         net (fo=3, routed)           1.132     8.250    refresh_counter[31]_i_5_n_0
    SLICE_X65Y22         LUT4 (Prop_lut4_I2_O)        0.124     8.374 r  refresh_counter[31]_i_1/O
                         net (fo=31, routed)          0.897     9.271    refresh_counter[31]_i_1_n_0
    SLICE_X64Y23         FDRE                                         r  refresh_counter_reg[15]/R
  -------------------------------------------------------------------    -------------------

                         (clock clk rise edge)       10.000    10.000 r  
    W5                                                0.000    10.000 r  clk (IN)
                         net (fo=0)                   0.000    10.000    clk
    W5                   IBUF (Prop_ibuf_I_O)         1.388    11.388 r  clk_IBUF_inst/O
                         net (fo=1, routed)           1.862    13.250    clk_IBUF
    BUFGCTRL_X0Y0        BUFG (Prop_bufg_I_O)         0.091    13.341 r  clk_IBUF_BUFG_inst/O
                         net (fo=34, routed)          1.504    14.845    clk_IBUF_BUFG
    SLICE_X64Y23         FDRE                                         r  refresh_counter_reg[15]/C
                         clock pessimism              0.260    15.105    
                         clock uncertainty           -0.035    15.070    
    SLICE_X64Y23         FDRE (Setup_fdre_C_R)       -0.524    14.546    refresh_counter_reg[15]
  -------------------------------------------------------------------
                         required time                         14.546    
                         arrival time                          -9.271    
  -------------------------------------------------------------------
                         slack                                  5.275    

Slack (MET) :             5.275ns  (required time - arrival time)
  Source:                 refresh_counter_reg[28]/C
                            (rising edge-triggered cell FDRE clocked by clk  {rise@0.000ns fall@5.000ns period=10.000ns})
  Destination:            refresh_counter_reg[16]/R
                            (rising edge-triggered cell FDRE clocked by clk  {rise@0.000ns fall@5.000ns period=10.000ns})
  Path Group:             clk
  Path Type:              Setup (Max at Slow Process Corner)
  Requirement:            10.000ns  (clk rise@10.000ns - clk rise@0.000ns)
  Data Path Delay:        4.130ns  (logic 0.890ns (21.549%)  route 3.240ns (78.451%))
  Logic Levels:           3  (LUT4=2 LUT5=1)
  Clock Path Skew:        -0.036ns (DCD - SCD + CPR)
    Destination Clock Delay (DCD):    4.845ns = ( 14.845 - 10.000 ) 
    Source Clock Delay      (SCD):    5.141ns
    Clock Pessimism Removal (CPR):    0.260ns
  Clock Uncertainty:      0.035ns  ((TSJ^2 + TIJ^2)^1/2 + DJ) / 2 + PE
    Total System Jitter     (TSJ):    0.071ns
    Total Input Jitter      (TIJ):    0.000ns
    Discrete Jitter          (DJ):    0.000ns
    Phase Error              (PE):    0.000ns

    Location             Delay type                Incr(ns)  Path(ns)    Netlist Resource(s)
  -------------------------------------------------------------------    -------------------
                         (clock clk rise edge)        0.000     0.000 r  
    W5                                                0.000     0.000 r  clk (IN)
                         net (fo=0)                   0.000     0.000    clk
    W5                   IBUF (Prop_ibuf_I_O)         1.458     1.458 r  clk_IBUF_inst/O
                         net (fo=1, routed)           1.967     3.425    clk_IBUF
    BUFGCTRL_X0Y0        BUFG (Prop_bufg_I_O)         0.096     3.521 r  clk_IBUF_BUFG_inst/O
                         net (fo=34, routed)          1.620     5.141    clk_IBUF_BUFG
    SLICE_X64Y26         FDRE                                         r  refresh_counter_reg[28]/C
  -------------------------------------------------------------------    -------------------
    SLICE_X64Y26         FDRE (Prop_fdre_C_Q)         0.518     5.659 f  refresh_counter_reg[28]/Q
                         net (fo=2, routed)           0.809     6.469    refresh_counter_reg_n_0_[28]
    SLICE_X65Y27         LUT4 (Prop_lut4_I1_O)        0.124     6.593 f  refresh_counter[31]_i_9/O
                         net (fo=1, routed)           0.401     6.994    refresh_counter[31]_i_9_n_0
    SLICE_X65Y26         LUT5 (Prop_lut5_I4_O)        0.124     7.118 f  refresh_counter[31]_i_5/O
                         net (fo=3, routed)           1.132     8.250    refresh_counter[31]_i_5_n_0
    SLICE_X65Y22         LUT4 (Prop_lut4_I2_O)        0.124     8.374 r  refresh_counter[31]_i_1/O
                         net (fo=31, routed)          0.897     9.271    refresh_counter[31]_i_1_n_0
    SLICE_X64Y23         FDRE                                         r  refresh_counter_reg[16]/R
  -------------------------------------------------------------------    -------------------

                         (clock clk rise edge)       10.000    10.000 r  
    W5                                                0.000    10.000 r  clk (IN)
                         net (fo=0)                   0.000    10.000    clk
    W5                   IBUF (Prop_ibuf_I_O)         1.388    11.388 r  clk_IBUF_inst/O
                         net (fo=1, routed)           1.862    13.250    clk_IBUF
    BUFGCTRL_X0Y0        BUFG (Prop_bufg_I_O)         0.091    13.341 r  clk_IBUF_BUFG_inst/O
                         net (fo=34, routed)          1.504    14.845    clk_IBUF_BUFG
    SLICE_X64Y23         FDRE                                         r  refresh_counter_reg[16]/C
                         clock pessimism              0.260    15.105    
                         clock uncertainty           -0.035    15.070    
    SLICE_X64Y23         FDRE (Setup_fdre_C_R)       -0.524    14.546    refresh_counter_reg[16]
  -------------------------------------------------------------------
                         required time                         14.546    
                         arrival time                          -9.271    
  -------------------------------------------------------------------
                         slack                                  5.275    

Slack (MET) :             5.300ns  (required time - arrival time)
  Source:                 refresh_counter_reg[28]/C
                            (rising edge-triggered cell FDRE clocked by clk  {rise@0.000ns fall@5.000ns period=10.000ns})
  Destination:            refresh_counter_reg[1]/R
                            (rising edge-triggered cell FDRE clocked by clk  {rise@0.000ns fall@5.000ns period=10.000ns})
  Path Group:             clk
  Path Type:              Setup (Max at Slow Process Corner)
  Requirement:            10.000ns  (clk rise@10.000ns - clk rise@0.000ns)
  Data Path Delay:        4.109ns  (logic 0.890ns (21.660%)  route 3.219ns (78.340%))
  Logic Levels:           3  (LUT4=2 LUT5=1)
  Clock Path Skew:        -0.032ns (DCD - SCD + CPR)
    Destination Clock Delay (DCD):    4.849ns = ( 14.849 - 10.000 ) 
    Source Clock Delay      (SCD):    5.141ns
    Clock Pessimism Removal (CPR):    0.260ns
  Clock Uncertainty:      0.035ns  ((TSJ^2 + TIJ^2)^1/2 + DJ) / 2 + PE
    Total System Jitter     (TSJ):    0.071ns
    Total Input Jitter      (TIJ):    0.000ns
    Discrete Jitter          (DJ):    0.000ns
    Phase Error              (PE):    0.000ns

    Location             Delay type                Incr(ns)  Path(ns)    Netlist Resource(s)
  -------------------------------------------------------------------    -------------------
                         (clock clk rise edge)        0.000     0.000 r  
    W5                                                0.000     0.000 r  clk (IN)
                         net (fo=0)                   0.000     0.000    clk
    W5                   IBUF (Prop_ibuf_I_O)         1.458     1.458 r  clk_IBUF_inst/O
                         net (fo=1, routed)           1.967     3.425    clk_IBUF
    BUFGCTRL_X0Y0        BUFG (Prop_bufg_I_O)         0.096     3.521 r  clk_IBUF_BUFG_inst/O
                         net (fo=34, routed)          1.620     5.141    clk_IBUF_BUFG
    SLICE_X64Y26         FDRE                                         r  refresh_counter_reg[28]/C
  -------------------------------------------------------------------    -------------------
    SLICE_X64Y26         FDRE (Prop_fdre_C_Q)         0.518     5.659 f  refresh_counter_reg[28]/Q
                         net (fo=2, routed)           0.809     6.469    refresh_counter_reg_n_0_[28]
    SLICE_X65Y27         LUT4 (Prop_lut4_I1_O)        0.124     6.593 f  refresh_counter[31]_i_9/O
                         net (fo=1, routed)           0.401     6.994    refresh_counter[31]_i_9_n_0
    SLICE_X65Y26         LUT5 (Prop_lut5_I4_O)        0.124     7.118 f  refresh_counter[31]_i_5/O
                         net (fo=3, routed)           1.132     8.250    refresh_counter[31]_i_5_n_0
    SLICE_X65Y22         LUT4 (Prop_lut4_I2_O)        0.124     8.374 r  refresh_counter[31]_i_1/O
                         net (fo=31, routed)          0.876     9.250    refresh_counter[31]_i_1_n_0
    SLICE_X64Y20         FDRE                                         r  refresh_counter_reg[1]/R
  -------------------------------------------------------------------    -------------------

                         (clock clk rise edge)       10.000    10.000 r  
    W5                                                0.000    10.000 r  clk (IN)
                         net (fo=0)                   0.000    10.000    clk
    W5                   IBUF (Prop_ibuf_I_O)         1.388    11.388 r  clk_IBUF_inst/O
                         net (fo=1, routed)           1.862    13.250    clk_IBUF
    BUFGCTRL_X0Y0        BUFG (Prop_bufg_I_O)         0.091    13.341 r  clk_IBUF_BUFG_inst/O
                         net (fo=34, routed)          1.508    14.849    clk_IBUF_BUFG
    SLICE_X64Y20         FDRE                                         r  refresh_counter_reg[1]/C
                         clock pessimism              0.260    15.109    
                         clock uncertainty           -0.035    15.074    
    SLICE_X64Y20         FDRE (Setup_fdre_C_R)       -0.524    14.550    refresh_counter_reg[1]
  -------------------------------------------------------------------
                         required time                         14.550    
                         arrival time                          -9.250    
  -------------------------------------------------------------------
                         slack                                  5.300    

Slack (MET) :             5.300ns  (required time - arrival time)
  Source:                 refresh_counter_reg[28]/C
                            (rising edge-triggered cell FDRE clocked by clk  {rise@0.000ns fall@5.000ns period=10.000ns})
  Destination:            refresh_counter_reg[2]/R
                            (rising edge-triggered cell FDRE clocked by clk  {rise@0.000ns fall@5.000ns period=10.000ns})
  Path Group:             clk
  Path Type:              Setup (Max at Slow Process Corner)
  Requirement:            10.000ns  (clk rise@10.000ns - clk rise@0.000ns)
  Data Path Delay:        4.109ns  (logic 0.890ns (21.660%)  route 3.219ns (78.340%))
  Logic Levels:           3  (LUT4=2 LUT5=1)
  Clock Path Skew:        -0.032ns (DCD - SCD + CPR)
    Destination Clock Delay (DCD):    4.849ns = ( 14.849 - 10.000 ) 
    Source Clock Delay      (SCD):    5.141ns
    Clock Pessimism Removal (CPR):    0.260ns
  Clock Uncertainty:      0.035ns  ((TSJ^2 + TIJ^2)^1/2 + DJ) / 2 + PE
    Total System Jitter     (TSJ):    0.071ns
    Total Input Jitter      (TIJ):    0.000ns
    Discrete Jitter          (DJ):    0.000ns
    Phase Error              (PE):    0.000ns

    Location             Delay type                Incr(ns)  Path(ns)    Netlist Resource(s)
  -------------------------------------------------------------------    -------------------
                         (clock clk rise edge)        0.000     0.000 r  
    W5                                                0.000     0.000 r  clk (IN)
                         net (fo=0)                   0.000     0.000    clk
    W5                   IBUF (Prop_ibuf_I_O)         1.458     1.458 r  clk_IBUF_inst/O
                         net (fo=1, routed)           1.967     3.425    clk_IBUF
    BUFGCTRL_X0Y0        BUFG (Prop_bufg_I_O)         0.096     3.521 r  clk_IBUF_BUFG_inst/O
                         net (fo=34, routed)          1.620     5.141    clk_IBUF_BUFG
    SLICE_X64Y26         FDRE                                         r  refresh_counter_reg[28]/C
  -------------------------------------------------------------------    -------------------
    SLICE_X64Y26         FDRE (Prop_fdre_C_Q)         0.518     5.659 f  refresh_counter_reg[28]/Q
                         net (fo=2, routed)           0.809     6.469    refresh_counter_reg_n_0_[28]
    SLICE_X65Y27         LUT4 (Prop_lut4_I1_O)        0.124     6.593 f  refresh_counter[31]_i_9/O
                         net (fo=1, routed)           0.401     6.994    refresh_counter[31]_i_9_n_0
    SLICE_X65Y26         LUT5 (Prop_lut5_I4_O)        0.124     7.118 f  refresh_counter[31]_i_5/O
                         net (fo=3, routed)           1.132     8.250    refresh_counter[31]_i_5_n_0
    SLICE_X65Y22         LUT4 (Prop_lut4_I2_O)        0.124     8.374 r  refresh_counter[31]_i_1/O
                         net (fo=31, routed)          0.876     9.250    refresh_counter[31]_i_1_n_0
    SLICE_X64Y20         FDRE                                         r  refresh_counter_reg[2]/R
  -------------------------------------------------------------------    -------------------

                         (clock clk rise edge)       10.000    10.000 r  
    W5                                                0.000    10.000 r  clk (IN)
                         net (fo=0)                   0.000    10.000    clk
    W5                   IBUF (Prop_ibuf_I_O)         1.388    11.388 r  clk_IBUF_inst/O
                         net (fo=1, routed)           1.862    13.250    clk_IBUF
    BUFGCTRL_X0Y0        BUFG (Prop_bufg_I_O)         0.091    13.341 r  clk_IBUF_BUFG_inst/O
                         net (fo=34, routed)          1.508    14.849    clk_IBUF_BUFG
    SLICE_X64Y20         FDRE                                         r  refresh_counter_reg[2]/C
                         clock pessimism              0.260    15.109    
                         clock uncertainty           -0.035    15.074    
    SLICE_X64Y20         FDRE (Setup_fdre_C_R)       -0.524    14.550    refresh_counter_reg[2]
  -------------------------------------------------------------------
                         required time                         14.550    
                         arrival time                          -9.250    
  -------------------------------------------------------------------
                         slack                                  5.300    

Slack (MET) :             5.300ns  (required time - arrival time)
  Source:                 refresh_counter_reg[28]/C
                            (rising edge-triggered cell FDRE clocked by clk  {rise@0.000ns fall@5.000ns period=10.000ns})
  Destination:            refresh_counter_reg[3]/R
                            (rising edge-triggered cell FDRE clocked by clk  {rise@0.000ns fall@5.000ns period=10.000ns})
  Path Group:             clk
  Path Type:              Setup (Max at Slow Process Corner)
  Requirement:            10.000ns  (clk rise@10.000ns - clk rise@0.000ns)
  Data Path Delay:        4.109ns  (logic 0.890ns (21.660%)  route 3.219ns (78.340%))
  Logic Levels:           3  (LUT4=2 LUT5=1)
  Clock Path Skew:        -0.032ns (DCD - SCD + CPR)
    Destination Clock Delay (DCD):    4.849ns = ( 14.849 - 10.000 ) 
    Source Clock Delay      (SCD):    5.141ns
    Clock Pessimism Removal (CPR):    0.260ns
  Clock Uncertainty:      0.035ns  ((TSJ^2 + TIJ^2)^1/2 + DJ) / 2 + PE
    Total System Jitter     (TSJ):    0.071ns
    Total Input Jitter      (TIJ):    0.000ns
    Discrete Jitter          (DJ):    0.000ns
    Phase Error              (PE):    0.000ns

    Location             Delay type                Incr(ns)  Path(ns)    Netlist Resource(s)
  -------------------------------------------------------------------    -------------------
                         (clock clk rise edge)        0.000     0.000 r  
    W5                                                0.000     0.000 r  clk (IN)
                         net (fo=0)                   0.000     0.000    clk
    W5                   IBUF (Prop_ibuf_I_O)         1.458     1.458 r  clk_IBUF_inst/O
                         net (fo=1, routed)           1.967     3.425    clk_IBUF
    BUFGCTRL_X0Y0        BUFG (Prop_bufg_I_O)         0.096     3.521 r  clk_IBUF_BUFG_inst/O
                         net (fo=34, routed)          1.620     5.141    clk_IBUF_BUFG
    SLICE_X64Y26         FDRE                                         r  refresh_counter_reg[28]/C
  -------------------------------------------------------------------    -------------------
    SLICE_X64Y26         FDRE (Prop_fdre_C_Q)         0.518     5.659 f  refresh_counter_reg[28]/Q
                         net (fo=2, routed)           0.809     6.469    refresh_counter_reg_n_0_[28]
    SLICE_X65Y27         LUT4 (Prop_lut4_I1_O)        0.124     6.593 f  refresh_counter[31]_i_9/O
                         net (fo=1, routed)           0.401     6.994    refresh_counter[31]_i_9_n_0
    SLICE_X65Y26         LUT5 (Prop_lut5_I4_O)        0.124     7.118 f  refresh_counter[31]_i_5/O
                         net (fo=3, routed)           1.132     8.250    refresh_counter[31]_i_5_n_0
    SLICE_X65Y22         LUT4 (Prop_lut4_I2_O)        0.124     8.374 r  refresh_counter[31]_i_1/O
                         net (fo=31, routed)          0.876     9.250    refresh_counter[31]_i_1_n_0
    SLICE_X64Y20         FDRE                                         r  refresh_counter_reg[3]/R
  -------------------------------------------------------------------    -------------------

                         (clock clk rise edge)       10.000    10.000 r  
    W5                                                0.000    10.000 r  clk (IN)
                         net (fo=0)                   0.000    10.000    clk
    W5                   IBUF (Prop_ibuf_I_O)         1.388    11.388 r  clk_IBUF_inst/O
                         net (fo=1, routed)           1.862    13.250    clk_IBUF
    BUFGCTRL_X0Y0        BUFG (Prop_bufg_I_O)         0.091    13.341 r  clk_IBUF_BUFG_inst/O
                         net (fo=34, routed)          1.508    14.849    clk_IBUF_BUFG
    SLICE_X64Y20         FDRE                                         r  refresh_counter_reg[3]/C
                         clock pessimism              0.260    15.109    
                         clock uncertainty           -0.035    15.074    
    SLICE_X64Y20         FDRE (Setup_fdre_C_R)       -0.524    14.550    refresh_counter_reg[3]
  -------------------------------------------------------------------
                         required time                         14.550    
                         arrival time                          -9.250    
  -------------------------------------------------------------------
                         slack                                  5.300    





Min Delay Paths
--------------------------------------------------------------------------------------
Slack (MET) :             0.246ns  (arrival time - required time)
  Source:                 refresh_counter_reg[0]/C
                            (rising edge-triggered cell FDRE clocked by clk  {rise@0.000ns fall@5.000ns period=10.000ns})
  Destination:            refresh_counter_reg[0]/D
                            (rising edge-triggered cell FDRE clocked by clk  {rise@0.000ns fall@5.000ns period=10.000ns})
  Path Group:             clk
  Path Type:              Hold (Min at Fast Process Corner)
  Requirement:            0.000ns  (clk rise@0.000ns - clk rise@0.000ns)
  Data Path Delay:        0.351ns  (logic 0.183ns (52.101%)  route 0.168ns (47.899%))
  Logic Levels:           1  (LUT1=1)
  Clock Path Skew:        0.000ns (DCD - SCD - CPR)
    Destination Clock Delay (DCD):    1.981ns
    Source Clock Delay      (SCD):    1.468ns
    Clock Pessimism Removal (CPR):    0.513ns

    Location             Delay type                Incr(ns)  Path(ns)    Netlist Resource(s)
  -------------------------------------------------------------------    -------------------
                         (clock clk rise edge)        0.000     0.000 r  
    W5                                                0.000     0.000 r  clk (IN)
                         net (fo=0)                   0.000     0.000    clk
    W5                   IBUF (Prop_ibuf_I_O)         0.226     0.226 r  clk_IBUF_inst/O
                         net (fo=1, routed)           0.631     0.858    clk_IBUF
    BUFGCTRL_X0Y0        BUFG (Prop_bufg_I_O)         0.026     0.884 r  clk_IBUF_BUFG_inst/O
                         net (fo=34, routed)          0.585     1.468    clk_IBUF_BUFG
    SLICE_X65Y21         FDRE                                         r  refresh_counter_reg[0]/C
  -------------------------------------------------------------------    -------------------
    SLICE_X65Y21         FDRE (Prop_fdre_C_Q)         0.141     1.609 f  refresh_counter_reg[0]/Q
                         net (fo=3, routed)           0.168     1.777    refresh_counter_reg_n_0_[0]
    SLICE_X65Y21         LUT1 (Prop_lut1_I0_O)        0.042     1.819 r  refresh_counter[0]_i_1/O
                         net (fo=1, routed)           0.000     1.819    refresh_counter[0]
    SLICE_X65Y21         FDRE                                         r  refresh_counter_reg[0]/D
  -------------------------------------------------------------------    -------------------

                         (clock clk rise edge)        0.000     0.000 r  
    W5                                                0.000     0.000 r  clk (IN)
                         net (fo=0)                   0.000     0.000    clk
    W5                   IBUF (Prop_ibuf_I_O)         0.414     0.414 r  clk_IBUF_inst/O
                         net (fo=1, routed)           0.685     1.099    clk_IBUF
    BUFGCTRL_X0Y0        BUFG (Prop_bufg_I_O)         0.029     1.128 r  clk_IBUF_BUFG_inst/O
                         net (fo=34, routed)          0.854     1.981    clk_IBUF_BUFG
    SLICE_X65Y21         FDRE                                         r  refresh_counter_reg[0]/C
                         clock pessimism             -0.513     1.468    
    SLICE_X65Y21         FDRE (Hold_fdre_C_D)         0.105     1.573    refresh_counter_reg[0]
  -------------------------------------------------------------------
                         required time                         -1.573    
                         arrival time                           1.819    
  -------------------------------------------------------------------
                         slack                                  0.246    

Slack (MET) :             0.265ns  (arrival time - required time)
  Source:                 refresh_counter_reg[11]/C
                            (rising edge-triggered cell FDRE clocked by clk  {rise@0.000ns fall@5.000ns period=10.000ns})
  Destination:            refresh_counter_reg[11]/D
                            (rising edge-triggered cell FDRE clocked by clk  {rise@0.000ns fall@5.000ns period=10.000ns})
  Path Group:             clk
  Path Type:              Hold (Min at Fast Process Corner)
  Requirement:            0.000ns  (clk rise@0.000ns - clk rise@0.000ns)
  Data Path Delay:        0.399ns  (logic 0.274ns (68.589%)  route 0.125ns (31.411%))
  Logic Levels:           1  (CARRY4=1)
  Clock Path Skew:        0.000ns (DCD - SCD - CPR)
    Destination Clock Delay (DCD):    1.980ns
    Source Clock Delay      (SCD):    1.468ns
    Clock Pessimism Removal (CPR):    0.512ns

    Location             Delay type                Incr(ns)  Path(ns)    Netlist Resource(s)
  -------------------------------------------------------------------    -------------------
                         (clock clk rise edge)        0.000     0.000 r  
    W5                                                0.000     0.000 r  clk (IN)
                         net (fo=0)                   0.000     0.000    clk
    W5                   IBUF (Prop_ibuf_I_O)         0.226     0.226 r  clk_IBUF_inst/O
                         net (fo=1, routed)           0.631     0.858    clk_IBUF
    BUFGCTRL_X0Y0        BUFG (Prop_bufg_I_O)         0.026     0.884 r  clk_IBUF_BUFG_inst/O
                         net (fo=34, routed)          0.585     1.468    clk_IBUF_BUFG
    SLICE_X64Y22         FDRE                                         r  refresh_counter_reg[11]/C
  -------------------------------------------------------------------    -------------------
    SLICE_X64Y22         FDRE (Prop_fdre_C_Q)         0.164     1.632 r  refresh_counter_reg[11]/Q
                         net (fo=2, routed)           0.125     1.758    refresh_counter_reg_n_0_[11]
    SLICE_X64Y22         CARRY4 (Prop_carry4_S[2]_O[2])
                                                      0.110     1.868 r  refresh_counter_reg[12]_i_1/O[2]
                         net (fo=1, routed)           0.000     1.868    data0[11]
    SLICE_X64Y22         FDRE                                         r  refresh_counter_reg[11]/D
  -------------------------------------------------------------------    -------------------

                         (clock clk rise edge)        0.000     0.000 r  
    W5                                                0.000     0.000 r  clk (IN)
                         net (fo=0)                   0.000     0.000    clk
    W5                   IBUF (Prop_ibuf_I_O)         0.414     0.414 r  clk_IBUF_inst/O
                         net (fo=1, routed)           0.685     1.099    clk_IBUF
    BUFGCTRL_X0Y0        BUFG (Prop_bufg_I_O)         0.029     1.128 r  clk_IBUF_BUFG_inst/O
                         net (fo=34, routed)          0.853     1.980    clk_IBUF_BUFG
    SLICE_X64Y22         FDRE                                         r  refresh_counter_reg[11]/C
                         clock pessimism             -0.512     1.468    
    SLICE_X64Y22         FDRE (Hold_fdre_C_D)         0.134     1.602    refresh_counter_reg[11]
  -------------------------------------------------------------------
                         required time                         -1.602    
                         arrival time                           1.868    
  -------------------------------------------------------------------
                         slack                                  0.265    

Slack (MET) :             0.265ns  (arrival time - required time)
  Source:                 refresh_counter_reg[15]/C
                            (rising edge-triggered cell FDRE clocked by clk  {rise@0.000ns fall@5.000ns period=10.000ns})
  Destination:            refresh_counter_reg[15]/D
                            (rising edge-triggered cell FDRE clocked by clk  {rise@0.000ns fall@5.000ns period=10.000ns})
  Path Group:             clk
  Path Type:              Hold (Min at Fast Process Corner)
  Requirement:            0.000ns  (clk rise@0.000ns - clk rise@0.000ns)
  Data Path Delay:        0.399ns  (logic 0.274ns (68.589%)  route 0.125ns (31.411%))
  Logic Levels:           1  (CARRY4=1)
  Clock Path Skew:        0.000ns (DCD - SCD - CPR)
    Destination Clock Delay (DCD):    1.978ns
    Source Clock Delay      (SCD):    1.466ns
    Clock Pessimism Removal (CPR):    0.512ns

    Location             Delay type                Incr(ns)  Path(ns)    Netlist Resource(s)
  -------------------------------------------------------------------    -------------------
                         (clock clk rise edge)        0.000     0.000 r  
    W5                                                0.000     0.000 r  clk (IN)
                         net (fo=0)                   0.000     0.000    clk
    W5                   IBUF (Prop_ibuf_I_O)         0.226     0.226 r  clk_IBUF_inst/O
                         net (fo=1, routed)           0.631     0.858    clk_IBUF
    BUFGCTRL_X0Y0        BUFG (Prop_bufg_I_O)         0.026     0.884 r  clk_IBUF_BUFG_inst/O
                         net (fo=34, routed)          0.583     1.466    clk_IBUF_BUFG
    SLICE_X64Y23         FDRE                                         r  refresh_counter_reg[15]/C
  -------------------------------------------------------------------    -------------------
    SLICE_X64Y23         FDRE (Prop_fdre_C_Q)         0.164     1.630 r  refresh_counter_reg[15]/Q
                         net (fo=2, routed)           0.125     1.756    refresh_counter_reg_n_0_[15]
    SLICE_X64Y23         CARRY4 (Prop_carry4_S[2]_O[2])
                                                      0.110     1.866 r  refresh_counter_reg[16]_i_1/O[2]
                         net (fo=1, routed)           0.000     1.866    data0[15]
    SLICE_X64Y23         FDRE                                         r  refresh_counter_reg[15]/D
  -------------------------------------------------------------------    -------------------

                         (clock clk rise edge)        0.000     0.000 r  
    W5                                                0.000     0.000 r  clk (IN)
                         net (fo=0)                   0.000     0.000    clk
    W5                   IBUF (Prop_ibuf_I_O)         0.414     0.414 r  clk_IBUF_inst/O
                         net (fo=1, routed)           0.685     1.099    clk_IBUF
    BUFGCTRL_X0Y0        BUFG (Prop_bufg_I_O)         0.029     1.128 r  clk_IBUF_BUFG_inst/O
                         net (fo=34, routed)          0.851     1.978    clk_IBUF_BUFG
    SLICE_X64Y23         FDRE                                         r  refresh_counter_reg[15]/C
                         clock pessimism             -0.512     1.466    
    SLICE_X64Y23         FDRE (Hold_fdre_C_D)         0.134     1.600    refresh_counter_reg[15]
  -------------------------------------------------------------------
                         required time                         -1.600    
                         arrival time                           1.866    
  -------------------------------------------------------------------
                         slack                                  0.265    

Slack (MET) :             0.265ns  (arrival time - required time)
  Source:                 refresh_counter_reg[23]/C
                            (rising edge-triggered cell FDRE clocked by clk  {rise@0.000ns fall@5.000ns period=10.000ns})
  Destination:            refresh_counter_reg[23]/D
                            (rising edge-triggered cell FDRE clocked by clk  {rise@0.000ns fall@5.000ns period=10.000ns})
  Path Group:             clk
  Path Type:              Hold (Min at Fast Process Corner)
  Requirement:            0.000ns  (clk rise@0.000ns - clk rise@0.000ns)
  Data Path Delay:        0.399ns  (logic 0.274ns (68.589%)  route 0.125ns (31.411%))
  Logic Levels:           1  (CARRY4=1)
  Clock Path Skew:        0.000ns (DCD - SCD - CPR)
    Destination Clock Delay (DCD):    1.977ns
    Source Clock Delay      (SCD):    1.465ns
    Clock Pessimism Removal (CPR):    0.512ns

    Location             Delay type                Incr(ns)  Path(ns)    Netlist Resource(s)
  -------------------------------------------------------------------    -------------------
                         (clock clk rise edge)        0.000     0.000 r  
    W5                                                0.000     0.000 r  clk (IN)
                         net (fo=0)                   0.000     0.000    clk
    W5                   IBUF (Prop_ibuf_I_O)         0.226     0.226 r  clk_IBUF_inst/O
                         net (fo=1, routed)           0.631     0.858    clk_IBUF
    BUFGCTRL_X0Y0        BUFG (Prop_bufg_I_O)         0.026     0.884 r  clk_IBUF_BUFG_inst/O
                         net (fo=34, routed)          0.582     1.465    clk_IBUF_BUFG
    SLICE_X64Y25         FDRE                                         r  refresh_counter_reg[23]/C
  -------------------------------------------------------------------    -------------------
    SLICE_X64Y25         FDRE (Prop_fdre_C_Q)         0.164     1.629 r  refresh_counter_reg[23]/Q
                         net (fo=2, routed)           0.125     1.755    refresh_counter_reg_n_0_[23]
    SLICE_X64Y25         CARRY4 (Prop_carry4_S[2]_O[2])
                                                      0.110     1.865 r  refresh_counter_reg[24]_i_1/O[2]
                         net (fo=1, routed)           0.000     1.865    data0[23]
    SLICE_X64Y25         FDRE                                         r  refresh_counter_reg[23]/D
  -------------------------------------------------------------------    -------------------

                         (clock clk rise edge)        0.000     0.000 r  
    W5                                                0.000     0.000 r  clk (IN)
                         net (fo=0)                   0.000     0.000    clk
    W5                   IBUF (Prop_ibuf_I_O)         0.414     0.414 r  clk_IBUF_inst/O
                         net (fo=1, routed)           0.685     1.099    clk_IBUF
    BUFGCTRL_X0Y0        BUFG (Prop_bufg_I_O)         0.029     1.128 r  clk_IBUF_BUFG_inst/O
                         net (fo=34, routed)          0.850     1.977    clk_IBUF_BUFG
    SLICE_X64Y25         FDRE                                         r  refresh_counter_reg[23]/C
                         clock pessimism             -0.512     1.465    
    SLICE_X64Y25         FDRE (Hold_fdre_C_D)         0.134     1.599    refresh_counter_reg[23]
  -------------------------------------------------------------------
                         required time                         -1.599    
                         arrival time                           1.865    
  -------------------------------------------------------------------
                         slack                                  0.265    

Slack (MET) :             0.265ns  (arrival time - required time)
  Source:                 refresh_counter_reg[31]/C
                            (rising edge-triggered cell FDRE clocked by clk  {rise@0.000ns fall@5.000ns period=10.000ns})
  Destination:            refresh_counter_reg[31]/D
                            (rising edge-triggered cell FDRE clocked by clk  {rise@0.000ns fall@5.000ns period=10.000ns})
  Path Group:             clk
  Path Type:              Hold (Min at Fast Process Corner)
  Requirement:            0.000ns  (clk rise@0.000ns - clk rise@0.000ns)
  Data Path Delay:        0.399ns  (logic 0.274ns (68.589%)  route 0.125ns (31.411%))
  Logic Levels:           1  (CARRY4=1)
  Clock Path Skew:        0.000ns (DCD - SCD - CPR)
    Destination Clock Delay (DCD):    1.980ns
    Source Clock Delay      (SCD):    1.468ns
    Clock Pessimism Removal (CPR):    0.512ns

    Location             Delay type                Incr(ns)  Path(ns)    Netlist Resource(s)
  -------------------------------------------------------------------    -------------------
                         (clock clk rise edge)        0.000     0.000 r  
    W5                                                0.000     0.000 r  clk (IN)
                         net (fo=0)                   0.000     0.000    clk
    W5                   IBUF (Prop_ibuf_I_O)         0.226     0.226 r  clk_IBUF_inst/O
                         net (fo=1, routed)           0.631     0.858    clk_IBUF
    BUFGCTRL_X0Y0        BUFG (Prop_bufg_I_O)         0.026     0.884 r  clk_IBUF_BUFG_inst/O
                         net (fo=34, routed)          0.585     1.468    clk_IBUF_BUFG
    SLICE_X64Y27         FDRE                                         r  refresh_counter_reg[31]/C
  -------------------------------------------------------------------    -------------------
    SLICE_X64Y27         FDRE (Prop_fdre_C_Q)         0.164     1.632 r  refresh_counter_reg[31]/Q
                         net (fo=2, routed)           0.125     1.758    refresh_counter_reg_n_0_[31]
    SLICE_X64Y27         CARRY4 (Prop_carry4_S[2]_O[2])
                                                      0.110     1.868 r  refresh_counter_reg[31]_i_2/O[2]
                         net (fo=1, routed)           0.000     1.868    data0[31]
    SLICE_X64Y27         FDRE                                         r  refresh_counter_reg[31]/D
  -------------------------------------------------------------------    -------------------

                         (clock clk rise edge)        0.000     0.000 r  
    W5                                                0.000     0.000 r  clk (IN)
                         net (fo=0)                   0.000     0.000    clk
    W5                   IBUF (Prop_ibuf_I_O)         0.414     0.414 r  clk_IBUF_inst/O
                         net (fo=1, routed)           0.685     1.099    clk_IBUF
    BUFGCTRL_X0Y0        BUFG (Prop_bufg_I_O)         0.029     1.128 r  clk_IBUF_BUFG_inst/O
                         net (fo=34, routed)          0.853     1.980    clk_IBUF_BUFG
    SLICE_X64Y27         FDRE                                         r  refresh_counter_reg[31]/C
                         clock pessimism             -0.512     1.468    
    SLICE_X64Y27         FDRE (Hold_fdre_C_D)         0.134     1.602    refresh_counter_reg[31]
  -------------------------------------------------------------------
                         required time                         -1.602    
                         arrival time                           1.868    
  -------------------------------------------------------------------
                         slack                                  0.265    

Slack (MET) :             0.265ns  (arrival time - required time)
  Source:                 refresh_counter_reg[7]/C
                            (rising edge-triggered cell FDRE clocked by clk  {rise@0.000ns fall@5.000ns period=10.000ns})
  Destination:            refresh_counter_reg[7]/D
                            (rising edge-triggered cell FDRE clocked by clk  {rise@0.000ns fall@5.000ns period=10.000ns})
  Path Group:             clk
  Path Type:              Hold (Min at Fast Process Corner)
  Requirement:            0.000ns  (clk rise@0.000ns - clk rise@0.000ns)
  Data Path Delay:        0.399ns  (logic 0.274ns (68.589%)  route 0.125ns (31.411%))
  Logic Levels:           1  (CARRY4=1)
  Clock Path Skew:        0.000ns (DCD - SCD - CPR)
    Destination Clock Delay (DCD):    1.981ns
    Source Clock Delay      (SCD):    1.468ns
    Clock Pessimism Removal (CPR):    0.513ns

    Location             Delay type                Incr(ns)  Path(ns)    Netlist Resource(s)
  -------------------------------------------------------------------    -------------------
                         (clock clk rise edge)        0.000     0.000 r  
    W5                                                0.000     0.000 r  clk (IN)
                         net (fo=0)                   0.000     0.000    clk
    W5                   IBUF (Prop_ibuf_I_O)         0.226     0.226 r  clk_IBUF_inst/O
                         net (fo=1, routed)           0.631     0.858    clk_IBUF
    BUFGCTRL_X0Y0        BUFG (Prop_bufg_I_O)         0.026     0.884 r  clk_IBUF_BUFG_inst/O
                         net (fo=34, routed)          0.585     1.468    clk_IBUF_BUFG
    SLICE_X64Y21         FDRE                                         r  refresh_counter_reg[7]/C
  -------------------------------------------------------------------    -------------------
    SLICE_X64Y21         FDRE (Prop_fdre_C_Q)         0.164     1.632 r  refresh_counter_reg[7]/Q
                         net (fo=2, routed)           0.125     1.758    refresh_counter_reg_n_0_[7]
    SLICE_X64Y21         CARRY4 (Prop_carry4_S[2]_O[2])
                                                      0.110     1.868 r  refresh_counter_reg[8]_i_1/O[2]
                         net (fo=1, routed)           0.000     1.868    data0[7]
    SLICE_X64Y21         FDRE                                         r  refresh_counter_reg[7]/D
  -------------------------------------------------------------------    -------------------

                         (clock clk rise edge)        0.000     0.000 r  
    W5                                                0.000     0.000 r  clk (IN)
                         net (fo=0)                   0.000     0.000    clk
    W5                   IBUF (Prop_ibuf_I_O)         0.414     0.414 r  clk_IBUF_inst/O
                         net (fo=1, routed)           0.685     1.099    clk_IBUF
    BUFGCTRL_X0Y0        BUFG (Prop_bufg_I_O)         0.029     1.128 r  clk_IBUF_BUFG_inst/O
                         net (fo=34, routed)          0.854     1.981    clk_IBUF_BUFG
    SLICE_X64Y21         FDRE                                         r  refresh_counter_reg[7]/C
                         clock pessimism             -0.513     1.468    
    SLICE_X64Y21         FDRE (Hold_fdre_C_D)         0.134     1.602    refresh_counter_reg[7]
  -------------------------------------------------------------------
                         required time                         -1.602    
                         arrival time                           1.868    
  -------------------------------------------------------------------
                         slack                                  0.265    

Slack (MET) :             0.266ns  (arrival time - required time)
  Source:                 refresh_counter_reg[19]/C
                            (rising edge-triggered cell FDRE clocked by clk  {rise@0.000ns fall@5.000ns period=10.000ns})
  Destination:            refresh_counter_reg[19]/D
                            (rising edge-triggered cell FDRE clocked by clk  {rise@0.000ns fall@5.000ns period=10.000ns})
  Path Group:             clk
  Path Type:              Hold (Min at Fast Process Corner)
  Requirement:            0.000ns  (clk rise@0.000ns - clk rise@0.000ns)
  Data Path Delay:        0.400ns  (logic 0.274ns (68.524%)  route 0.126ns (31.476%))
  Logic Levels:           1  (CARRY4=1)
  Clock Path Skew:        0.000ns (DCD - SCD - CPR)
    Destination Clock Delay (DCD):    1.977ns
    Source Clock Delay      (SCD):    1.465ns
    Clock Pessimism Removal (CPR):    0.512ns

    Location             Delay type                Incr(ns)  Path(ns)    Netlist Resource(s)
  -------------------------------------------------------------------    -------------------
                         (clock clk rise edge)        0.000     0.000 r  
    W5                                                0.000     0.000 r  clk (IN)
                         net (fo=0)                   0.000     0.000    clk
    W5                   IBUF (Prop_ibuf_I_O)         0.226     0.226 r  clk_IBUF_inst/O
                         net (fo=1, routed)           0.631     0.858    clk_IBUF
    BUFGCTRL_X0Y0        BUFG (Prop_bufg_I_O)         0.026     0.884 r  clk_IBUF_BUFG_inst/O
                         net (fo=34, routed)          0.582     1.465    clk_IBUF_BUFG
    SLICE_X64Y24         FDRE                                         r  refresh_counter_reg[19]/C
  -------------------------------------------------------------------    -------------------
    SLICE_X64Y24         FDRE (Prop_fdre_C_Q)         0.164     1.629 r  refresh_counter_reg[19]/Q
                         net (fo=2, routed)           0.126     1.755    refresh_counter_reg_n_0_[19]
    SLICE_X64Y24         CARRY4 (Prop_carry4_S[2]_O[2])
                                                      0.110     1.865 r  refresh_counter_reg[20]_i_1/O[2]
                         net (fo=1, routed)           0.000     1.865    data0[19]
    SLICE_X64Y24         FDRE                                         r  refresh_counter_reg[19]/D
  -------------------------------------------------------------------    -------------------

                         (clock clk rise edge)        0.000     0.000 r  
    W5                                                0.000     0.000 r  clk (IN)
                         net (fo=0)                   0.000     0.000    clk
    W5                   IBUF (Prop_ibuf_I_O)         0.414     0.414 r  clk_IBUF_inst/O
                         net (fo=1, routed)           0.685     1.099    clk_IBUF
    BUFGCTRL_X0Y0        BUFG (Prop_bufg_I_O)         0.029     1.128 r  clk_IBUF_BUFG_inst/O
                         net (fo=34, routed)          0.850     1.977    clk_IBUF_BUFG
    SLICE_X64Y24         FDRE                                         r  refresh_counter_reg[19]/C
                         clock pessimism             -0.512     1.465    
    SLICE_X64Y24         FDRE (Hold_fdre_C_D)         0.134     1.599    refresh_counter_reg[19]
  -------------------------------------------------------------------
                         required time                         -1.599    
                         arrival time                           1.865    
  -------------------------------------------------------------------
                         slack                                  0.266    

Slack (MET) :             0.266ns  (arrival time - required time)
  Source:                 refresh_counter_reg[27]/C
                            (rising edge-triggered cell FDRE clocked by clk  {rise@0.000ns fall@5.000ns period=10.000ns})
  Destination:            refresh_counter_reg[27]/D
                            (rising edge-triggered cell FDRE clocked by clk  {rise@0.000ns fall@5.000ns period=10.000ns})
  Path Group:             clk
  Path Type:              Hold (Min at Fast Process Corner)
  Requirement:            0.000ns  (clk rise@0.000ns - clk rise@0.000ns)
  Data Path Delay:        0.400ns  (logic 0.274ns (68.524%)  route 0.126ns (31.476%))
  Logic Levels:           1  (CARRY4=1)
  Clock Path Skew:        0.000ns (DCD - SCD - CPR)
    Destination Clock Delay (DCD):    1.978ns
    Source Clock Delay      (SCD):    1.466ns
    Clock Pessimism Removal (CPR):    0.512ns

    Location             Delay type                Incr(ns)  Path(ns)    Netlist Resource(s)
  -------------------------------------------------------------------    -------------------
                         (clock clk rise edge)        0.000     0.000 r  
    W5                                                0.000     0.000 r  clk (IN)
                         net (fo=0)                   0.000     0.000    clk
    W5                   IBUF (Prop_ibuf_I_O)         0.226     0.226 r  clk_IBUF_inst/O
                         net (fo=1, routed)           0.631     0.858    clk_IBUF
    BUFGCTRL_X0Y0        BUFG (Prop_bufg_I_O)         0.026     0.884 r  clk_IBUF_BUFG_inst/O
                         net (fo=34, routed)          0.583     1.466    clk_IBUF_BUFG
    SLICE_X64Y26         FDRE                                         r  refresh_counter_reg[27]/C
  -------------------------------------------------------------------    -------------------
    SLICE_X64Y26         FDRE (Prop_fdre_C_Q)         0.164     1.630 r  refresh_counter_reg[27]/Q
                         net (fo=2, routed)           0.126     1.756    refresh_counter_reg_n_0_[27]
    SLICE_X64Y26         CARRY4 (Prop_carry4_S[2]_O[2])
                                                      0.110     1.866 r  refresh_counter_reg[28]_i_1/O[2]
                         net (fo=1, routed)           0.000     1.866    data0[27]
    SLICE_X64Y26         FDRE                                         r  refresh_counter_reg[27]/D
  -------------------------------------------------------------------    -------------------

                         (clock clk rise edge)        0.000     0.000 r  
    W5                                                0.000     0.000 r  clk (IN)
                         net (fo=0)                   0.000     0.000    clk
    W5                   IBUF (Prop_ibuf_I_O)         0.414     0.414 r  clk_IBUF_inst/O
                         net (fo=1, routed)           0.685     1.099    clk_IBUF
    BUFGCTRL_X0Y0        BUFG (Prop_bufg_I_O)         0.029     1.128 r  clk_IBUF_BUFG_inst/O
                         net (fo=34, routed)          0.851     1.978    clk_IBUF_BUFG
    SLICE_X64Y26         FDRE                                         r  refresh_counter_reg[27]/C
                         clock pessimism             -0.512     1.466    
    SLICE_X64Y26         FDRE (Hold_fdre_C_D)         0.134     1.600    refresh_counter_reg[27]
  -------------------------------------------------------------------
                         required time                         -1.600    
                         arrival time                           1.866    
  -------------------------------------------------------------------
                         slack                                  0.266    

Slack (MET) :             0.267ns  (arrival time - required time)
  Source:                 refresh_counter_reg[3]/C
                            (rising edge-triggered cell FDRE clocked by clk  {rise@0.000ns fall@5.000ns period=10.000ns})
  Destination:            refresh_counter_reg[3]/D
                            (rising edge-triggered cell FDRE clocked by clk  {rise@0.000ns fall@5.000ns period=10.000ns})
  Path Group:             clk
  Path Type:              Hold (Min at Fast Process Corner)
  Requirement:            0.000ns  (clk rise@0.000ns - clk rise@0.000ns)
  Data Path Delay:        0.401ns  (logic 0.274ns (68.412%)  route 0.127ns (31.588%))
  Logic Levels:           1  (CARRY4=1)
  Clock Path Skew:        0.000ns (DCD - SCD - CPR)
    Destination Clock Delay (DCD):    1.982ns
    Source Clock Delay      (SCD):    1.469ns
    Clock Pessimism Removal (CPR):    0.513ns

    Location             Delay type                Incr(ns)  Path(ns)    Netlist Resource(s)
  -------------------------------------------------------------------    -------------------
                         (clock clk rise edge)        0.000     0.000 r  
    W5                                                0.000     0.000 r  clk (IN)
                         net (fo=0)                   0.000     0.000    clk
    W5                   IBUF (Prop_ibuf_I_O)         0.226     0.226 r  clk_IBUF_inst/O
                         net (fo=1, routed)           0.631     0.858    clk_IBUF
    BUFGCTRL_X0Y0        BUFG (Prop_bufg_I_O)         0.026     0.884 r  clk_IBUF_BUFG_inst/O
                         net (fo=34, routed)          0.586     1.469    clk_IBUF_BUFG
    SLICE_X64Y20         FDRE                                         r  refresh_counter_reg[3]/C
  -------------------------------------------------------------------    -------------------
    SLICE_X64Y20         FDRE (Prop_fdre_C_Q)         0.164     1.633 r  refresh_counter_reg[3]/Q
                         net (fo=2, routed)           0.127     1.760    refresh_counter_reg_n_0_[3]
    SLICE_X64Y20         CARRY4 (Prop_carry4_S[2]_O[2])
                                                      0.110     1.870 r  refresh_counter_reg[4]_i_1/O[2]
                         net (fo=1, routed)           0.000     1.870    data0[3]
    SLICE_X64Y20         FDRE                                         r  refresh_counter_reg[3]/D
  -------------------------------------------------------------------    -------------------

                         (clock clk rise edge)        0.000     0.000 r  
    W5                                                0.000     0.000 r  clk (IN)
                         net (fo=0)                   0.000     0.000    clk
    W5                   IBUF (Prop_ibuf_I_O)         0.414     0.414 r  clk_IBUF_inst/O
                         net (fo=1, routed)           0.685     1.099    clk_IBUF
    BUFGCTRL_X0Y0        BUFG (Prop_bufg_I_O)         0.029     1.128 r  clk_IBUF_BUFG_inst/O
                         net (fo=34, routed)          0.855     1.982    clk_IBUF_BUFG
    SLICE_X64Y20         FDRE                                         r  refresh_counter_reg[3]/C
                         clock pessimism             -0.513     1.469    
    SLICE_X64Y20         FDRE (Hold_fdre_C_D)         0.134     1.603    refresh_counter_reg[3]
  -------------------------------------------------------------------
                         required time                         -1.603    
                         arrival time                           1.870    
  -------------------------------------------------------------------
                         slack                                  0.267    

Slack (MET) :             0.271ns  (arrival time - required time)
  Source:                 refresh_counter_reg[0]/C
                            (rising edge-triggered cell FDRE clocked by clk  {rise@0.000ns fall@5.000ns period=10.000ns})
  Destination:            refresh_counter_reg[1]/D
                            (rising edge-triggered cell FDRE clocked by clk  {rise@0.000ns fall@5.000ns period=10.000ns})
  Path Group:             clk
  Path Type:              Hold (Min at Fast Process Corner)
  Requirement:            0.000ns  (clk rise@0.000ns - clk rise@0.000ns)
  Data Path Delay:        0.420ns  (logic 0.299ns (71.172%)  route 0.121ns (28.828%))
  Logic Levels:           1  (CARRY4=1)
  Clock Path Skew:        0.015ns (DCD - SCD - CPR)
    Destination Clock Delay (DCD):    1.982ns
    Source Clock Delay      (SCD):    1.468ns
    Clock Pessimism Removal (CPR):    0.499ns

    Location             Delay type                Incr(ns)  Path(ns)    Netlist Resource(s)
  -------------------------------------------------------------------    -------------------
                         (clock clk rise edge)        0.000     0.000 r  
    W5                                                0.000     0.000 r  clk (IN)
                         net (fo=0)                   0.000     0.000    clk
    W5                   IBUF (Prop_ibuf_I_O)         0.226     0.226 r  clk_IBUF_inst/O
                         net (fo=1, routed)           0.631     0.858    clk_IBUF
    BUFGCTRL_X0Y0        BUFG (Prop_bufg_I_O)         0.026     0.884 r  clk_IBUF_BUFG_inst/O
                         net (fo=34, routed)          0.585     1.468    clk_IBUF_BUFG
    SLICE_X65Y21         FDRE                                         r  refresh_counter_reg[0]/C
  -------------------------------------------------------------------    -------------------
    SLICE_X65Y21         FDRE (Prop_fdre_C_Q)         0.141     1.609 r  refresh_counter_reg[0]/Q
                         net (fo=3, routed)           0.121     1.730    refresh_counter_reg_n_0_[0]
    SLICE_X64Y20         CARRY4 (Prop_carry4_CYINIT_O[0])
                                                      0.158     1.888 r  refresh_counter_reg[4]_i_1/O[0]
                         net (fo=1, routed)           0.000     1.888    data0[1]
    SLICE_X64Y20         FDRE                                         r  refresh_counter_reg[1]/D
  -------------------------------------------------------------------    -------------------

                         (clock clk rise edge)        0.000     0.000 r  
    W5                                                0.000     0.000 r  clk (IN)
                         net (fo=0)                   0.000     0.000    clk
    W5                   IBUF (Prop_ibuf_I_O)         0.414     0.414 r  clk_IBUF_inst/O
                         net (fo=1, routed)           0.685     1.099    clk_IBUF
    BUFGCTRL_X0Y0        BUFG (Prop_bufg_I_O)         0.029     1.128 r  clk_IBUF_BUFG_inst/O
                         net (fo=34, routed)          0.855     1.982    clk_IBUF_BUFG
    SLICE_X64Y20         FDRE                                         r  refresh_counter_reg[1]/C
                         clock pessimism             -0.499     1.483    
    SLICE_X64Y20         FDRE (Hold_fdre_C_D)         0.134     1.617    refresh_counter_reg[1]
  -------------------------------------------------------------------
                         required time                         -1.617    
                         arrival time                           1.888    
  -------------------------------------------------------------------
                         slack                                  0.271    





Pulse Width Checks
--------------------------------------------------------------------------------------
Clock Name:         clk
Waveform(ns):       { 0.000 5.000 }
Period(ns):         10.000
Sources:            { clk }

Check Type        Corner  Lib Pin  Reference Pin  Required(ns)  Actual(ns)  Slack(ns)  Location       Pin
Min Period        n/a     BUFG/I   n/a            2.155         10.000      7.845      BUFGCTRL_X0Y0  clk_IBUF_BUFG_inst/I
Min Period        n/a     FDRE/C   n/a            1.000         10.000      9.000      SLICE_X65Y22   digit_sel_reg[0]/C
Min Period        n/a     FDRE/C   n/a            1.000         10.000      9.000      SLICE_X65Y22   digit_sel_reg[1]/C
Min Period        n/a     FDRE/C   n/a            1.000         10.000      9.000      SLICE_X65Y21   refresh_counter_reg[0]/C
Min Period        n/a     FDRE/C   n/a            1.000         10.000      9.000      SLICE_X64Y22   refresh_counter_reg[10]/C
Min Period        n/a     FDRE/C   n/a            1.000         10.000      9.000      SLICE_X64Y22   refresh_counter_reg[11]/C
Min Period        n/a     FDRE/C   n/a            1.000         10.000      9.000      SLICE_X64Y22   refresh_counter_reg[12]/C
Min Period        n/a     FDRE/C   n/a            1.000         10.000      9.000      SLICE_X64Y23   refresh_counter_reg[13]/C
Min Period        n/a     FDRE/C   n/a            1.000         10.000      9.000      SLICE_X64Y23   refresh_counter_reg[14]/C
Min Period        n/a     FDRE/C   n/a            1.000         10.000      9.000      SLICE_X64Y23   refresh_counter_reg[15]/C
Low Pulse Width   Fast    FDRE/C   n/a            0.500         5.000       4.500      SLICE_X65Y22   digit_sel_reg[0]/C
Low Pulse Width   Fast    FDRE/C   n/a            0.500         5.000       4.500      SLICE_X65Y22   digit_sel_reg[1]/C
Low Pulse Width   Slow    FDRE/C   n/a            0.500         5.000       4.500      SLICE_X65Y21   refresh_counter_reg[0]/C
Low Pulse Width   Fast    FDRE/C   n/a            0.500         5.000       4.500      SLICE_X65Y21   refresh_counter_reg[0]/C
Low Pulse Width   Fast    FDRE/C   n/a            0.500         5.000       4.500      SLICE_X64Y22   refresh_counter_reg[10]/C
Low Pulse Width   Fast    FDRE/C   n/a            0.500         5.000       4.500      SLICE_X64Y22   refresh_counter_reg[11]/C
Low Pulse Width   Fast    FDRE/C   n/a            0.500         5.000       4.500      SLICE_X64Y22   refresh_counter_reg[12]/C
Low Pulse Width   Fast    FDRE/C   n/a            0.500         5.000       4.500      SLICE_X64Y23   refresh_counter_reg[13]/C
Low Pulse Width   Fast    FDRE/C   n/a            0.500         5.000       4.500      SLICE_X64Y23   refresh_counter_reg[14]/C
Low Pulse Width   Fast    FDRE/C   n/a            0.500         5.000       4.500      SLICE_X64Y23   refresh_counter_reg[15]/C
High Pulse Width  Slow    FDRE/C   n/a            0.500         5.000       4.500      SLICE_X65Y22   digit_sel_reg[0]/C
High Pulse Width  Slow    FDRE/C   n/a            0.500         5.000       4.500      SLICE_X65Y22   digit_sel_reg[1]/C
High Pulse Width  Slow    FDRE/C   n/a            0.500         5.000       4.500      SLICE_X64Y22   refresh_counter_reg[10]/C
High Pulse Width  Slow    FDRE/C   n/a            0.500         5.000       4.500      SLICE_X64Y22   refresh_counter_reg[11]/C
High Pulse Width  Slow    FDRE/C   n/a            0.500         5.000       4.500      SLICE_X64Y22   refresh_counter_reg[12]/C
High Pulse Width  Slow    FDRE/C   n/a            0.500         5.000       4.500      SLICE_X64Y23   refresh_counter_reg[13]/C
High Pulse Width  Slow    FDRE/C   n/a            0.500         5.000       4.500      SLICE_X64Y23   refresh_counter_reg[14]/C
High Pulse Width  Slow    FDRE/C   n/a            0.500         5.000       4.500      SLICE_X64Y23   refresh_counter_reg[15]/C
High Pulse Width  Slow    FDRE/C   n/a            0.500         5.000       4.500      SLICE_X64Y23   refresh_counter_reg[16]/C
High Pulse Width  Slow    FDRE/C   n/a            0.500         5.000       4.500      SLICE_X64Y24   refresh_counter_reg[17]/C



