Copyright 1986-2019 Xilinx, Inc. All Rights Reserved.
-----------------------------------------------------------------------------------------------------------------------------------------------------------------------------------------------
| Tool Version : Vivado v.2019.1 (win64) Build 2552052 Fri May 24 14:49:42 MDT 2019
| Date         : Tue May 27 10:56:05 2025
| Host         : Dgda_01 running 64-bit major release  (build 9200)
| Command      : report_timing_summary -max_paths 10 -file top_pong_timing_summary_routed.rpt -pb top_pong_timing_summary_routed.pb -rpx top_pong_timing_summary_routed.rpx -warn_on_violation
| Design       : top_pong
| Device       : 7a35t-cpg236
| Speed File   : -1  PRODUCTION 1.23 2018-06-13
-----------------------------------------------------------------------------------------------------------------------------------------------------------------------------------------------

Timing Summary Report

------------------------------------------------------------------------------------------------
| Timer Settings
| --------------
------------------------------------------------------------------------------------------------

  Enable Multi Corner Analysis               :  Yes
  Enable Pessimism Removal                   :  Yes
  Pessimism Removal Resolution               :  Nearest Common Node
  Enable Input Delay Default Clock           :  No
  Enable Preset / Clear Arcs                 :  No
  Disable Flight Delays                      :  No
  Ignore I/O Paths                           :  No
  Timing Early Launch at Borrowing Latches   :  No
  Borrow Time for Max Delay Exceptions       :  Yes

  Corner  Analyze    Analyze    
  Name    Max Paths  Min Paths  
  ------  ---------  ---------  
  Slow    Yes        Yes        
  Fast    Yes        Yes        



check_timing report

Table of Contents
-----------------
1. checking no_clock
2. checking constant_clock
3. checking pulse_width_clock
4. checking unconstrained_internal_endpoints
5. checking no_input_delay
6. checking no_output_delay
7. checking multiple_clock
8. checking generated_clocks
9. checking loops
10. checking partial_input_delay
11. checking partial_output_delay
12. checking latch_loops

1. checking no_clock
--------------------
 There are 178 register/latch pins with no clock driven by root clock pin: clk_div_inst/clk_tmp_reg/Q (HIGH)


2. checking constant_clock
--------------------------
 There are 0 register/latch pins with constant_clock.


3. checking pulse_width_clock
-----------------------------
 There are 0 register/latch pins which need pulse_width check


4. checking unconstrained_internal_endpoints
--------------------------------------------
 There are 409 pins that are not constrained for maximum delay. (HIGH)

 There are 0 pins that are not constrained for maximum delay due to constant clock.


5. checking no_input_delay
--------------------------
 There are 3 input ports with no input delay specified. (HIGH)

 There are 0 input ports with no input delay but user has a false path constraint.


6. checking no_output_delay
---------------------------
 There are 14 ports with no output delay specified. (HIGH)

 There are 0 ports with no output delay but user has a false path constraint

 There are 0 ports with no output delay but with a timing clock defined on it or propagating through it


7. checking multiple_clock
--------------------------
 There are 0 register/latch pins with multiple clocks.


8. checking generated_clocks
----------------------------
 There are 0 generated clocks that are not connected to a clock source.


9. checking loops
-----------------
 There are 0 combinational loops in the design.


10. checking partial_input_delay
--------------------------------
 There are 0 input ports with partial input delay specified.


11. checking partial_output_delay
---------------------------------
 There are 0 ports with partial output delay specified.


12. checking latch_loops
------------------------
 There are 0 combinational latch loops in the design through latch input



------------------------------------------------------------------------------------------------
| Design Timing Summary
| ---------------------
------------------------------------------------------------------------------------------------

    WNS(ns)      TNS(ns)  TNS Failing Endpoints  TNS Total Endpoints      WHS(ns)      THS(ns)  THS Failing Endpoints  THS Total Endpoints     WPWS(ns)     TPWS(ns)  TPWS Failing Endpoints  TPWS Total Endpoints  
    -------      -------  ---------------------  -------------------      -------      -------  ---------------------  -------------------     --------     --------  ----------------------  --------------------  
      8.223        0.000                      0                    3        0.283        0.000                      0                    3        4.500        0.000                       0                     4  


All user specified timing constraints are met.


------------------------------------------------------------------------------------------------
| Clock Summary
| -------------
------------------------------------------------------------------------------------------------

Clock        Waveform(ns)       Period(ns)      Frequency(MHz)
-----        ------------       ----------      --------------
sys_clk_pin  {0.000 5.000}      10.000          100.000         


------------------------------------------------------------------------------------------------
| Intra Clock Table
| -----------------
------------------------------------------------------------------------------------------------

Clock             WNS(ns)      TNS(ns)  TNS Failing Endpoints  TNS Total Endpoints      WHS(ns)      THS(ns)  THS Failing Endpoints  THS Total Endpoints     WPWS(ns)     TPWS(ns)  TPWS Failing Endpoints  TPWS Total Endpoints  
-----             -------      -------  ---------------------  -------------------      -------      -------  ---------------------  -------------------     --------     --------  ----------------------  --------------------  
sys_clk_pin         8.223        0.000                      0                    3        0.283        0.000                      0                    3        4.500        0.000                       0                     4  


------------------------------------------------------------------------------------------------
| Inter Clock Table
| -----------------
------------------------------------------------------------------------------------------------

From Clock    To Clock          WNS(ns)      TNS(ns)  TNS Failing Endpoints  TNS Total Endpoints      WHS(ns)      THS(ns)  THS Failing Endpoints  THS Total Endpoints  
----------    --------          -------      -------  ---------------------  -------------------      -------      -------  ---------------------  -------------------  


------------------------------------------------------------------------------------------------
| Other Path Groups Table
| -----------------------
------------------------------------------------------------------------------------------------

Path Group    From Clock    To Clock          WNS(ns)      TNS(ns)  TNS Failing Endpoints  TNS Total Endpoints      WHS(ns)      THS(ns)  THS Failing Endpoints  THS Total Endpoints  
----------    ----------    --------          -------      -------  ---------------------  -------------------      -------      -------  ---------------------  -------------------  


------------------------------------------------------------------------------------------------
| Timing Details
| --------------
------------------------------------------------------------------------------------------------


---------------------------------------------------------------------------------------------------
From Clock:  sys_clk_pin
  To Clock:  sys_clk_pin

Setup :            0  Failing Endpoints,  Worst Slack        8.223ns,  Total Violation        0.000ns
Hold  :            0  Failing Endpoints,  Worst Slack        0.283ns,  Total Violation        0.000ns
PW    :            0  Failing Endpoints,  Worst Slack        4.500ns,  Total Violation        0.000ns
---------------------------------------------------------------------------------------------------


Max Delay Paths
--------------------------------------------------------------------------------------
Slack (MET) :             8.223ns  (required time - arrival time)
  Source:                 clk_div_inst/clk_tmp_reg/C
                            (rising edge-triggered cell FDCE clocked by sys_clk_pin  {rise@0.000ns fall@5.000ns period=10.000ns})
  Destination:            clk_div_inst/clk_tmp_reg/D
                            (rising edge-triggered cell FDCE clocked by sys_clk_pin  {rise@0.000ns fall@5.000ns period=10.000ns})
  Path Group:             sys_clk_pin
  Path Type:              Setup (Max at Slow Process Corner)
  Requirement:            10.000ns  (sys_clk_pin rise@10.000ns - sys_clk_pin rise@0.000ns)
  Data Path Delay:        1.771ns  (logic 0.580ns (32.754%)  route 1.191ns (67.246%))
  Logic Levels:           1  (LUT3=1)
  Clock Path Skew:        0.000ns (DCD - SCD + CPR)
    Destination Clock Delay (DCD):    4.788ns = ( 14.788 - 10.000 ) 
    Source Clock Delay      (SCD):    5.087ns
    Clock Pessimism Removal (CPR):    0.299ns
  Clock Uncertainty:      0.035ns  ((TSJ^2 + TIJ^2)^1/2 + DJ) / 2 + PE
    Total System Jitter     (TSJ):    0.071ns
    Total Input Jitter      (TIJ):    0.000ns
    Discrete Jitter          (DJ):    0.000ns
    Phase Error              (PE):    0.000ns

    Location             Delay type                Incr(ns)  Path(ns)    Netlist Resource(s)
  -------------------------------------------------------------------    -------------------
                         (clock sys_clk_pin rise edge)
                                                      0.000     0.000 r  
    W5                                                0.000     0.000 r  clk100 (IN)
                         net (fo=0)                   0.000     0.000    clk100
    W5                   IBUF (Prop_ibuf_I_O)         1.458     1.458 r  clk100_IBUF_inst/O
                         net (fo=1, routed)           1.967     3.425    clk100_IBUF
    BUFGCTRL_X0Y1        BUFG (Prop_bufg_I_O)         0.096     3.521 r  clk100_IBUF_BUFG_inst/O
                         net (fo=3, routed)           1.566     5.087    clk_div_inst/CLK
    SLICE_X28Y46         FDCE                                         r  clk_div_inst/clk_tmp_reg/C
  -------------------------------------------------------------------    -------------------
    SLICE_X28Y46         FDCE (Prop_fdce_C_Q)         0.456     5.543 r  clk_div_inst/clk_tmp_reg/Q
                         net (fo=2, routed)           1.191     6.734    clk_div_inst/clk25
    SLICE_X28Y46         LUT3 (Prop_lut3_I2_O)        0.124     6.858 r  clk_div_inst/clk_tmp_i_1/O
                         net (fo=1, routed)           0.000     6.858    clk_div_inst/clk_tmp_i_1_n_0
    SLICE_X28Y46         FDCE                                         r  clk_div_inst/clk_tmp_reg/D
  -------------------------------------------------------------------    -------------------

                         (clock sys_clk_pin rise edge)
                                                     10.000    10.000 r  
    W5                                                0.000    10.000 r  clk100 (IN)
                         net (fo=0)                   0.000    10.000    clk100
    W5                   IBUF (Prop_ibuf_I_O)         1.388    11.388 r  clk100_IBUF_inst/O
                         net (fo=1, routed)           1.862    13.250    clk100_IBUF
    BUFGCTRL_X0Y1        BUFG (Prop_bufg_I_O)         0.091    13.341 r  clk100_IBUF_BUFG_inst/O
                         net (fo=3, routed)           1.447    14.788    clk_div_inst/CLK
    SLICE_X28Y46         FDCE                                         r  clk_div_inst/clk_tmp_reg/C
                         clock pessimism              0.299    15.087    
                         clock uncertainty           -0.035    15.052    
    SLICE_X28Y46         FDCE (Setup_fdce_C_D)        0.029    15.081    clk_div_inst/clk_tmp_reg
  -------------------------------------------------------------------
                         required time                         15.081    
                         arrival time                          -6.858    
  -------------------------------------------------------------------
                         slack                                  8.223    

Slack (MET) :             8.744ns  (required time - arrival time)
  Source:                 clk_div_inst/counter_reg[0]/C
                            (rising edge-triggered cell FDCE clocked by sys_clk_pin  {rise@0.000ns fall@5.000ns period=10.000ns})
  Destination:            clk_div_inst/counter_reg[0]/D
                            (rising edge-triggered cell FDCE clocked by sys_clk_pin  {rise@0.000ns fall@5.000ns period=10.000ns})
  Path Group:             sys_clk_pin
  Path Type:              Setup (Max at Slow Process Corner)
  Requirement:            10.000ns  (sys_clk_pin rise@10.000ns - sys_clk_pin rise@0.000ns)
  Data Path Delay:        1.252ns  (logic 0.580ns (46.336%)  route 0.672ns (53.664%))
  Logic Levels:           1  (LUT1=1)
  Clock Path Skew:        0.000ns (DCD - SCD + CPR)
    Destination Clock Delay (DCD):    4.788ns = ( 14.788 - 10.000 ) 
    Source Clock Delay      (SCD):    5.087ns
    Clock Pessimism Removal (CPR):    0.299ns
  Clock Uncertainty:      0.035ns  ((TSJ^2 + TIJ^2)^1/2 + DJ) / 2 + PE
    Total System Jitter     (TSJ):    0.071ns
    Total Input Jitter      (TIJ):    0.000ns
    Discrete Jitter          (DJ):    0.000ns
    Phase Error              (PE):    0.000ns

    Location             Delay type                Incr(ns)  Path(ns)    Netlist Resource(s)
  -------------------------------------------------------------------    -------------------
                         (clock sys_clk_pin rise edge)
                                                      0.000     0.000 r  
    W5                                                0.000     0.000 r  clk100 (IN)
                         net (fo=0)                   0.000     0.000    clk100
    W5                   IBUF (Prop_ibuf_I_O)         1.458     1.458 r  clk100_IBUF_inst/O
                         net (fo=1, routed)           1.967     3.425    clk100_IBUF
    BUFGCTRL_X0Y1        BUFG (Prop_bufg_I_O)         0.096     3.521 r  clk100_IBUF_BUFG_inst/O
                         net (fo=3, routed)           1.566     5.087    clk_div_inst/CLK
    SLICE_X28Y46         FDCE                                         r  clk_div_inst/counter_reg[0]/C
  -------------------------------------------------------------------    -------------------
    SLICE_X28Y46         FDCE (Prop_fdce_C_Q)         0.456     5.543 f  clk_div_inst/counter_reg[0]/Q
                         net (fo=3, routed)           0.672     6.215    clk_div_inst/counter[0]
    SLICE_X28Y46         LUT1 (Prop_lut1_I0_O)        0.124     6.339 r  clk_div_inst/counter[0]_i_1/O
                         net (fo=1, routed)           0.000     6.339    clk_div_inst/counter[0]_i_1_n_0
    SLICE_X28Y46         FDCE                                         r  clk_div_inst/counter_reg[0]/D
  -------------------------------------------------------------------    -------------------

                         (clock sys_clk_pin rise edge)
                                                     10.000    10.000 r  
    W5                                                0.000    10.000 r  clk100 (IN)
                         net (fo=0)                   0.000    10.000    clk100
    W5                   IBUF (Prop_ibuf_I_O)         1.388    11.388 r  clk100_IBUF_inst/O
                         net (fo=1, routed)           1.862    13.250    clk100_IBUF
    BUFGCTRL_X0Y1        BUFG (Prop_bufg_I_O)         0.091    13.341 r  clk100_IBUF_BUFG_inst/O
                         net (fo=3, routed)           1.447    14.788    clk_div_inst/CLK
    SLICE_X28Y46         FDCE                                         r  clk_div_inst/counter_reg[0]/C
                         clock pessimism              0.299    15.087    
                         clock uncertainty           -0.035    15.052    
    SLICE_X28Y46         FDCE (Setup_fdce_C_D)        0.031    15.083    clk_div_inst/counter_reg[0]
  -------------------------------------------------------------------
                         required time                         15.083    
                         arrival time                          -6.339    
  -------------------------------------------------------------------
                         slack                                  8.744    

Slack (MET) :             8.763ns  (required time - arrival time)
  Source:                 clk_div_inst/counter_reg[0]/C
                            (rising edge-triggered cell FDCE clocked by sys_clk_pin  {rise@0.000ns fall@5.000ns period=10.000ns})
  Destination:            clk_div_inst/counter_reg[1]/D
                            (rising edge-triggered cell FDCE clocked by sys_clk_pin  {rise@0.000ns fall@5.000ns period=10.000ns})
  Path Group:             sys_clk_pin
  Path Type:              Setup (Max at Slow Process Corner)
  Requirement:            10.000ns  (sys_clk_pin rise@10.000ns - sys_clk_pin rise@0.000ns)
  Data Path Delay:        1.277ns  (logic 0.608ns (47.610%)  route 0.669ns (52.390%))
  Logic Levels:           1  (LUT2=1)
  Clock Path Skew:        0.000ns (DCD - SCD + CPR)
    Destination Clock Delay (DCD):    4.788ns = ( 14.788 - 10.000 ) 
    Source Clock Delay      (SCD):    5.087ns
    Clock Pessimism Removal (CPR):    0.299ns
  Clock Uncertainty:      0.035ns  ((TSJ^2 + TIJ^2)^1/2 + DJ) / 2 + PE
    Total System Jitter     (TSJ):    0.071ns
    Total Input Jitter      (TIJ):    0.000ns
    Discrete Jitter          (DJ):    0.000ns
    Phase Error              (PE):    0.000ns

    Location             Delay type                Incr(ns)  Path(ns)    Netlist Resource(s)
  -------------------------------------------------------------------    -------------------
                         (clock sys_clk_pin rise edge)
                                                      0.000     0.000 r  
    W5                                                0.000     0.000 r  clk100 (IN)
                         net (fo=0)                   0.000     0.000    clk100
    W5                   IBUF (Prop_ibuf_I_O)         1.458     1.458 r  clk100_IBUF_inst/O
                         net (fo=1, routed)           1.967     3.425    clk100_IBUF
    BUFGCTRL_X0Y1        BUFG (Prop_bufg_I_O)         0.096     3.521 r  clk100_IBUF_BUFG_inst/O
                         net (fo=3, routed)           1.566     5.087    clk_div_inst/CLK
    SLICE_X28Y46         FDCE                                         r  clk_div_inst/counter_reg[0]/C
  -------------------------------------------------------------------    -------------------
    SLICE_X28Y46         FDCE (Prop_fdce_C_Q)         0.456     5.543 r  clk_div_inst/counter_reg[0]/Q
                         net (fo=3, routed)           0.669     6.212    clk_div_inst/counter[0]
    SLICE_X28Y46         LUT2 (Prop_lut2_I0_O)        0.152     6.364 r  clk_div_inst/counter[1]_i_1/O
                         net (fo=1, routed)           0.000     6.364    clk_div_inst/counter[1]_i_1_n_0
    SLICE_X28Y46         FDCE                                         r  clk_div_inst/counter_reg[1]/D
  -------------------------------------------------------------------    -------------------

                         (clock sys_clk_pin rise edge)
                                                     10.000    10.000 r  
    W5                                                0.000    10.000 r  clk100 (IN)
                         net (fo=0)                   0.000    10.000    clk100
    W5                   IBUF (Prop_ibuf_I_O)         1.388    11.388 r  clk100_IBUF_inst/O
                         net (fo=1, routed)           1.862    13.250    clk100_IBUF
    BUFGCTRL_X0Y1        BUFG (Prop_bufg_I_O)         0.091    13.341 r  clk100_IBUF_BUFG_inst/O
                         net (fo=3, routed)           1.447    14.788    clk_div_inst/CLK
    SLICE_X28Y46         FDCE                                         r  clk_div_inst/counter_reg[1]/C
                         clock pessimism              0.299    15.087    
                         clock uncertainty           -0.035    15.052    
    SLICE_X28Y46         FDCE (Setup_fdce_C_D)        0.075    15.127    clk_div_inst/counter_reg[1]
  -------------------------------------------------------------------
                         required time                         15.127    
                         arrival time                          -6.364    
  -------------------------------------------------------------------
                         slack                                  8.763    





Min Delay Paths
--------------------------------------------------------------------------------------
Slack (MET) :             0.283ns  (arrival time - required time)
  Source:                 clk_div_inst/counter_reg[1]/C
                            (rising edge-triggered cell FDCE clocked by sys_clk_pin  {rise@0.000ns fall@5.000ns period=10.000ns})
  Destination:            clk_div_inst/counter_reg[1]/D
                            (rising edge-triggered cell FDCE clocked by sys_clk_pin  {rise@0.000ns fall@5.000ns period=10.000ns})
  Path Group:             sys_clk_pin
  Path Type:              Hold (Min at Fast Process Corner)
  Requirement:            0.000ns  (sys_clk_pin rise@0.000ns - sys_clk_pin rise@0.000ns)
  Data Path Delay:        0.390ns  (logic 0.230ns (58.916%)  route 0.160ns (41.084%))
  Logic Levels:           1  (LUT2=1)
  Clock Path Skew:        0.000ns (DCD - SCD - CPR)
    Destination Clock Delay (DCD):    1.960ns
    Source Clock Delay      (SCD):    1.446ns
    Clock Pessimism Removal (CPR):    0.514ns

    Location             Delay type                Incr(ns)  Path(ns)    Netlist Resource(s)
  -------------------------------------------------------------------    -------------------
                         (clock sys_clk_pin rise edge)
                                                      0.000     0.000 r  
    W5                                                0.000     0.000 r  clk100 (IN)
                         net (fo=0)                   0.000     0.000    clk100
    W5                   IBUF (Prop_ibuf_I_O)         0.226     0.226 r  clk100_IBUF_inst/O
                         net (fo=1, routed)           0.631     0.858    clk100_IBUF
    BUFGCTRL_X0Y1        BUFG (Prop_bufg_I_O)         0.026     0.884 r  clk100_IBUF_BUFG_inst/O
                         net (fo=3, routed)           0.563     1.446    clk_div_inst/CLK
    SLICE_X28Y46         FDCE                                         r  clk_div_inst/counter_reg[1]/C
  -------------------------------------------------------------------    -------------------
    SLICE_X28Y46         FDCE (Prop_fdce_C_Q)         0.128     1.574 r  clk_div_inst/counter_reg[1]/Q
                         net (fo=2, routed)           0.160     1.735    clk_div_inst/counter[1]
    SLICE_X28Y46         LUT2 (Prop_lut2_I1_O)        0.102     1.837 r  clk_div_inst/counter[1]_i_1/O
                         net (fo=1, routed)           0.000     1.837    clk_div_inst/counter[1]_i_1_n_0
    SLICE_X28Y46         FDCE                                         r  clk_div_inst/counter_reg[1]/D
  -------------------------------------------------------------------    -------------------

                         (clock sys_clk_pin rise edge)
                                                      0.000     0.000 r  
    W5                                                0.000     0.000 r  clk100 (IN)
                         net (fo=0)                   0.000     0.000    clk100
    W5                   IBUF (Prop_ibuf_I_O)         0.414     0.414 r  clk100_IBUF_inst/O
                         net (fo=1, routed)           0.685     1.099    clk100_IBUF
    BUFGCTRL_X0Y1        BUFG (Prop_bufg_I_O)         0.029     1.128 r  clk100_IBUF_BUFG_inst/O
                         net (fo=3, routed)           0.833     1.960    clk_div_inst/CLK
    SLICE_X28Y46         FDCE                                         r  clk_div_inst/counter_reg[1]/C
                         clock pessimism             -0.514     1.446    
    SLICE_X28Y46         FDCE (Hold_fdce_C_D)         0.107     1.553    clk_div_inst/counter_reg[1]
  -------------------------------------------------------------------
                         required time                         -1.553    
                         arrival time                           1.837    
  -------------------------------------------------------------------
                         slack                                  0.283    

Slack (MET) :             0.296ns  (arrival time - required time)
  Source:                 clk_div_inst/counter_reg[1]/C
                            (rising edge-triggered cell FDCE clocked by sys_clk_pin  {rise@0.000ns fall@5.000ns period=10.000ns})
  Destination:            clk_div_inst/clk_tmp_reg/D
                            (rising edge-triggered cell FDCE clocked by sys_clk_pin  {rise@0.000ns fall@5.000ns period=10.000ns})
  Path Group:             sys_clk_pin
  Path Type:              Hold (Min at Fast Process Corner)
  Requirement:            0.000ns  (sys_clk_pin rise@0.000ns - sys_clk_pin rise@0.000ns)
  Data Path Delay:        0.387ns  (logic 0.227ns (58.598%)  route 0.160ns (41.402%))
  Logic Levels:           1  (LUT3=1)
  Clock Path Skew:        0.000ns (DCD - SCD - CPR)
    Destination Clock Delay (DCD):    1.960ns
    Source Clock Delay      (SCD):    1.446ns
    Clock Pessimism Removal (CPR):    0.514ns

    Location             Delay type                Incr(ns)  Path(ns)    Netlist Resource(s)
  -------------------------------------------------------------------    -------------------
                         (clock sys_clk_pin rise edge)
                                                      0.000     0.000 r  
    W5                                                0.000     0.000 r  clk100 (IN)
                         net (fo=0)                   0.000     0.000    clk100
    W5                   IBUF (Prop_ibuf_I_O)         0.226     0.226 r  clk100_IBUF_inst/O
                         net (fo=1, routed)           0.631     0.858    clk100_IBUF
    BUFGCTRL_X0Y1        BUFG (Prop_bufg_I_O)         0.026     0.884 r  clk100_IBUF_BUFG_inst/O
                         net (fo=3, routed)           0.563     1.446    clk_div_inst/CLK
    SLICE_X28Y46         FDCE                                         r  clk_div_inst/counter_reg[1]/C
  -------------------------------------------------------------------    -------------------
    SLICE_X28Y46         FDCE (Prop_fdce_C_Q)         0.128     1.574 r  clk_div_inst/counter_reg[1]/Q
                         net (fo=2, routed)           0.160     1.735    clk_div_inst/counter[1]
    SLICE_X28Y46         LUT3 (Prop_lut3_I0_O)        0.099     1.834 r  clk_div_inst/clk_tmp_i_1/O
                         net (fo=1, routed)           0.000     1.834    clk_div_inst/clk_tmp_i_1_n_0
    SLICE_X28Y46         FDCE                                         r  clk_div_inst/clk_tmp_reg/D
  -------------------------------------------------------------------    -------------------

                         (clock sys_clk_pin rise edge)
                                                      0.000     0.000 r  
    W5                                                0.000     0.000 r  clk100 (IN)
                         net (fo=0)                   0.000     0.000    clk100
    W5                   IBUF (Prop_ibuf_I_O)         0.414     0.414 r  clk100_IBUF_inst/O
                         net (fo=1, routed)           0.685     1.099    clk100_IBUF
    BUFGCTRL_X0Y1        BUFG (Prop_bufg_I_O)         0.029     1.128 r  clk100_IBUF_BUFG_inst/O
                         net (fo=3, routed)           0.833     1.960    clk_div_inst/CLK
    SLICE_X28Y46         FDCE                                         r  clk_div_inst/clk_tmp_reg/C
                         clock pessimism             -0.514     1.446    
    SLICE_X28Y46         FDCE (Hold_fdce_C_D)         0.091     1.537    clk_div_inst/clk_tmp_reg
  -------------------------------------------------------------------
                         required time                         -1.537    
                         arrival time                           1.834    
  -------------------------------------------------------------------
                         slack                                  0.296    

Slack (MET) :             0.330ns  (arrival time - required time)
  Source:                 clk_div_inst/counter_reg[0]/C
                            (rising edge-triggered cell FDCE clocked by sys_clk_pin  {rise@0.000ns fall@5.000ns period=10.000ns})
  Destination:            clk_div_inst/counter_reg[0]/D
                            (rising edge-triggered cell FDCE clocked by sys_clk_pin  {rise@0.000ns fall@5.000ns period=10.000ns})
  Path Group:             sys_clk_pin
  Path Type:              Hold (Min at Fast Process Corner)
  Requirement:            0.000ns  (sys_clk_pin rise@0.000ns - sys_clk_pin rise@0.000ns)
  Data Path Delay:        0.422ns  (logic 0.186ns (44.105%)  route 0.236ns (55.895%))
  Logic Levels:           1  (LUT1=1)
  Clock Path Skew:        0.000ns (DCD - SCD - CPR)
    Destination Clock Delay (DCD):    1.960ns
    Source Clock Delay      (SCD):    1.446ns
    Clock Pessimism Removal (CPR):    0.514ns

    Location             Delay type                Incr(ns)  Path(ns)    Netlist Resource(s)
  -------------------------------------------------------------------    -------------------
                         (clock sys_clk_pin rise edge)
                                                      0.000     0.000 r  
    W5                                                0.000     0.000 r  clk100 (IN)
                         net (fo=0)                   0.000     0.000    clk100
    W5                   IBUF (Prop_ibuf_I_O)         0.226     0.226 r  clk100_IBUF_inst/O
                         net (fo=1, routed)           0.631     0.858    clk100_IBUF
    BUFGCTRL_X0Y1        BUFG (Prop_bufg_I_O)         0.026     0.884 r  clk100_IBUF_BUFG_inst/O
                         net (fo=3, routed)           0.563     1.446    clk_div_inst/CLK
    SLICE_X28Y46         FDCE                                         r  clk_div_inst/counter_reg[0]/C
  -------------------------------------------------------------------    -------------------
    SLICE_X28Y46         FDCE (Prop_fdce_C_Q)         0.141     1.587 f  clk_div_inst/counter_reg[0]/Q
                         net (fo=3, routed)           0.236     1.823    clk_div_inst/counter[0]
    SLICE_X28Y46         LUT1 (Prop_lut1_I0_O)        0.045     1.868 r  clk_div_inst/counter[0]_i_1/O
                         net (fo=1, routed)           0.000     1.868    clk_div_inst/counter[0]_i_1_n_0
    SLICE_X28Y46         FDCE                                         r  clk_div_inst/counter_reg[0]/D
  -------------------------------------------------------------------    -------------------

                         (clock sys_clk_pin rise edge)
                                                      0.000     0.000 r  
    W5                                                0.000     0.000 r  clk100 (IN)
                         net (fo=0)                   0.000     0.000    clk100
    W5                   IBUF (Prop_ibuf_I_O)         0.414     0.414 r  clk100_IBUF_inst/O
                         net (fo=1, routed)           0.685     1.099    clk100_IBUF
    BUFGCTRL_X0Y1        BUFG (Prop_bufg_I_O)         0.029     1.128 r  clk100_IBUF_BUFG_inst/O
                         net (fo=3, routed)           0.833     1.960    clk_div_inst/CLK
    SLICE_X28Y46         FDCE                                         r  clk_div_inst/counter_reg[0]/C
                         clock pessimism             -0.514     1.446    
    SLICE_X28Y46         FDCE (Hold_fdce_C_D)         0.092     1.538    clk_div_inst/counter_reg[0]
  -------------------------------------------------------------------
                         required time                         -1.538    
                         arrival time                           1.868    
  -------------------------------------------------------------------
                         slack                                  0.330    





Pulse Width Checks
--------------------------------------------------------------------------------------
Clock Name:         sys_clk_pin
Waveform(ns):       { 0.000 5.000 }
Period(ns):         10.000
Sources:            { clk100 }

Check Type        Corner  Lib Pin  Reference Pin  Required(ns)  Actual(ns)  Slack(ns)  Location       Pin
Min Period        n/a     BUFG/I   n/a            2.155         10.000      7.845      BUFGCTRL_X0Y1  clk100_IBUF_BUFG_inst/I
Min Period        n/a     FDCE/C   n/a            1.000         10.000      9.000      SLICE_X28Y46   clk_div_inst/clk_tmp_reg/C
Min Period        n/a     FDCE/C   n/a            1.000         10.000      9.000      SLICE_X28Y46   clk_div_inst/counter_reg[0]/C
Min Period        n/a     FDCE/C   n/a            1.000         10.000      9.000      SLICE_X28Y46   clk_div_inst/counter_reg[1]/C
Low Pulse Width   Slow    FDCE/C   n/a            0.500         5.000       4.500      SLICE_X28Y46   clk_div_inst/clk_tmp_reg/C
Low Pulse Width   Slow    FDCE/C   n/a            0.500         5.000       4.500      SLICE_X28Y46   clk_div_inst/counter_reg[0]/C
Low Pulse Width   Slow    FDCE/C   n/a            0.500         5.000       4.500      SLICE_X28Y46   clk_div_inst/counter_reg[1]/C
Low Pulse Width   Fast    FDCE/C   n/a            0.500         5.000       4.500      SLICE_X28Y46   clk_div_inst/clk_tmp_reg/C
Low Pulse Width   Fast    FDCE/C   n/a            0.500         5.000       4.500      SLICE_X28Y46   clk_div_inst/counter_reg[0]/C
Low Pulse Width   Fast    FDCE/C   n/a            0.500         5.000       4.500      SLICE_X28Y46   clk_div_inst/counter_reg[1]/C
High Pulse Width  Slow    FDCE/C   n/a            0.500         5.000       4.500      SLICE_X28Y46   clk_div_inst/clk_tmp_reg/C
High Pulse Width  Fast    FDCE/C   n/a            0.500         5.000       4.500      SLICE_X28Y46   clk_div_inst/clk_tmp_reg/C
High Pulse Width  Slow    FDCE/C   n/a            0.500         5.000       4.500      SLICE_X28Y46   clk_div_inst/counter_reg[0]/C
High Pulse Width  Fast    FDCE/C   n/a            0.500         5.000       4.500      SLICE_X28Y46   clk_div_inst/counter_reg[0]/C
High Pulse Width  Slow    FDCE/C   n/a            0.500         5.000       4.500      SLICE_X28Y46   clk_div_inst/counter_reg[1]/C
High Pulse Width  Fast    FDCE/C   n/a            0.500         5.000       4.500      SLICE_X28Y46   clk_div_inst/counter_reg[1]/C



